
> app@1.0.0 test:e2e /app
> playwright test

[1A[2K[2m[WebServer] [22mServer is running on http://localhost:3000

[1A[2K[2m[WebServer] [22mReferenceError: React is not defined
[2m[WebServer] [22m    at <anonymous> [90m(/app/[39msrc/web/routes.jsx:125:19[90m)[39m
[2m[WebServer] [22m    at dispatch [90m(file:///app/[39mnode_modules/[4m.pnpm[24m/hono@4.9.0/node_modules/[4mhono[24m/dist/compose.js:22:23[90m)[39m
[2m[WebServer] [22m    at [90mfile:///app/[39mnode_modules/[4m.pnpm[24m/hono@4.9.0/node_modules/[4mhono[24m/dist/compose.js:22:46
[2m[WebServer] [22m    at sessionMiddleware [90m(file:///app/[39msrc/web/middleware/session.js:22:9[90m)[39m
[2m[WebServer] [22m    at dispatch [90m(file:///app/[39mnode_modules/[4m.pnpm[24m/hono@4.9.0/node_modules/[4mhono[24m/dist/compose.js:22:23[90m)[39m
[2m[WebServer] [22m    at [90mfile:///app/[39mnode_modules/[4m.pnpm[24m/hono@4.9.0/node_modules/[4mhono[24m/dist/compose.js:22:46
[2m[WebServer] [22m    at jsxRenderer2 [90m(file:///app/[39mnode_modules/[4m.pnpm[24m/hono@4.9.0/node_modules/[4mhono[24m/dist/middleware/jsx-renderer/index.js:44:10[90m)[39m
[2m[WebServer] [22m    at dispatch [90m(file:///app/[39mnode_modules/[4m.pnpm[24m/hono@4.9.0/node_modules/[4mhono[24m/dist/compose.js:22:23[90m)[39m
[2m[WebServer] [22m    at [90mfile:///app/[39mnode_modules/[4m.pnpm[24m/hono@4.9.0/node_modules/[4mhono[24m/dist/compose.js:5:12
[2m[WebServer] [22m    at [90mfile:///app/[39mnode_modules/[4m.pnpm[24m/hono@4.9.0/node_modules/[4mhono[24m/dist/hono-base.js:201:31

[1A[2K[2m[WebServer] [22mReferenceError: React is not defined
[2m[WebServer] [22m    at <anonymous> [90m(/app/[39msrc/web/routes.jsx:125:19[90m)[39m
[2m[WebServer] [22m    at dispatch [90m(file:///app/[39mnode_modules/[4m.pnpm[24m/hono@4.9.0/node_modules/[4mhono[24m/dist/compose.js:22:23[90m)[39m
[2m[WebServer] [22m    at [90mfile:///app/[39mnode_modules/[4m.pnpm[24m/hono@4.9.0/node_modules/[4mhono[24m/dist/compose.js:22:46
[2m[WebServer] [22m    at sessionMiddleware [90m(file:///app/[39msrc/web/middleware/session.js:22:9[90m)[39m
[2m[WebServer] [22m    at dispatch [90m(file:///app/[39mnode_modules/[4m.pnpm[24m/hono@4.9.0/node_modules/[4mhono[24m/dist/compose.js:22:23[90m)[39m
[2m[WebServer] [22m    at [90mfile:///app/[39mnode_modules/[4m.pnpm[24m/hono@4.9.0/node_modules/[4mhono[24m/dist/compose.js:22:46
[2m[WebServer] [22m    at jsxRenderer2 [90m(file:///app/[39mnode_modules/[4m.pnpm[24m/hono@4.9.0/node_modules/[4mhono[24m/dist/middleware/jsx-renderer/index.js:44:10[90m)[39m
[2m[WebServer] [22m    at dispatch [90m(file:///app/[39mnode_modules/[4m.pnpm[24m/hono@4.9.0/node_modules/[4mhono[24m/dist/compose.js:22:23[90m)[39m
[2m[WebServer] [22m    at [90mfile:///app/[39mnode_modules/[4m.pnpm[24m/hono@4.9.0/node_modules/[4mhono[24m/dist/compose.js:5:12
[2m[WebServer] [22m    at [90mfile:///app/[39mnode_modules/[4m.pnpm[24m/hono@4.9.0/node_modules/[4mhono[24m/dist/hono-base.js:201:31

[1A[2K[2m[WebServer] [22mReferenceError: React is not defined
[2m[WebServer] [22m    at <anonymous> [90m(/app/[39msrc/web/routes.jsx:125:19[90m)[39m
[2m[WebServer] [22m    at dispatch [90m(file:///app/[39mnode_modules/[4m.pnpm[24m/hono@4.9.0/node_modules/[4mhono[24m/dist/compose.js:22:23[90m)[39m
[2m[WebServer] [22m    at [90mfile:///app/[39mnode_modules/[4m.pnpm[24m/hono@4.9.0/node_modules/[4mhono[24m/dist/compose.js:22:46
[2m[WebServer] [22m    at sessionMiddleware [90m(file:///app/[39msrc/web/middleware/session.js:22:9[90m)[39m
[2m[WebServer] [22m    at dispatch [90m(file:///app/[39mnode_modules/[4m.pnpm[24m/hono@4.9.0/node_modules/[4mhono[24m/dist/compose.js:22:23[90m)[39m
[2m[WebServer] [22m    at [90mfile:///app/[39mnode_modules/[4m.pnpm[24m/hono@4.9.0/node_modules/[4mhono[24m/dist/compose.js:22:46
[2m[WebServer] [22m    at jsxRenderer2 [90m(file:///app/[39mnode_modules/[4m.pnpm[24m/hono@4.9.0/node_modules/[4mhono[24m/dist/middleware/jsx-renderer/index.js:44:10[90m)[39m
[2m[WebServer] [22m    at dispatch [90m(file:///app/[39mnode_modules/[4m.pnpm[24m/hono@4.9.0/node_modules/[4mhono[24m/dist/compose.js:22:23[90m)[39m
[2m[WebServer] [22m    at [90mfile:///app/[39mnode_modules/[4m.pnpm[24m/hono@4.9.0/node_modules/[4mhono[24m/dist/compose.js:5:12
[2m[WebServer] [22m    at [90mfile:///app/[39mnode_modules/[4m.pnpm[24m/hono@4.9.0/node_modules/[4mhono[24m/dist/hono-base.js:201:31

[1A[2K[2m[WebServer] [22mReferenceError: React is not defined
[2m[WebServer] [22m    at <anonymous> [90m(/app/[39msrc/web/routes.jsx:125:19[90m)[39m
[2m[WebServer] [22m    at dispatch [90m(file:///app/[39mnode_modules/[4m.pnpm[24m/hono@4.9.0/node_modules/[4mhono[24m/dist/compose.js:22:23[90m)[39m
[2m[WebServer] [22m    at [90mfile:///app/[39mnode_modules/[4m.pnpm[24m/hono@4.9.0/node_modules/[4mhono[24m/dist/compose.js:22:46
[2m[WebServer] [22m    at sessionMiddleware [90m(file:///app/[39msrc/web/middleware/session.js:22:9[90m)[39m
[2m[WebServer] [22m    at dispatch [90m(file:///app/[39mnode_modules/[4m.pnpm[24m/hono@4.9.0/node_modules/[4mhono[24m/dist/compose.js:22:23[90m)[39m
[2m[WebServer] [22m    at [90mfile:///app/[39mnode_modules/[4m.pnpm[24m/hono@4.9.0/node_modules/[4mhono[24m/dist/compose.js:22:46
[2m[WebServer] [22m    at jsxRenderer2 [90m(file:///app/[39mnode_modules/[4m.pnpm[24m/hono@4.9.0/node_modules/[4mhono[24m/dist/middleware/jsx-renderer/index.js:44:10[90m)[39m
[2m[WebServer] [22m    at dispatch [90m(file:///app/[39mnode_modules/[4m.pnpm[24m/hono@4.9.0/node_modules/[4mhono[24m/dist/compose.js:22:23[90m)[39m
[2m[WebServer] [22m    at [90mfile:///app/[39mnode_modules/[4m.pnpm[24m/hono@4.9.0/node_modules/[4mhono[24m/dist/compose.js:5:12
[2m[WebServer] [22m    at [90mfile:///app/[39mnode_modules/[4m.pnpm[24m/hono@4.9.0/node_modules/[4mhono[24m/dist/hono-base.js:201:31

[1A[2K[2m[WebServer] [22mReferenceError: React is not defined
[2m[WebServer] [22m    at <anonymous> [90m(/app/[39msrc/web/routes.jsx:125:19[90m)[39m
[2m[WebServer] [22m    at dispatch [90m(file:///app/[39mnode_modules/[4m.pnpm[24m/hono@4.9.0/node_modules/[4mhono[24m/dist/compose.js:22:23[90m)[39m
[2m[WebServer] [22m    at [90mfile:///app/[39mnode_modules/[4m.pnpm[24m/hono@4.9.0/node_modules/[4mhono[24m/dist/compose.js:22:46
[2m[WebServer] [22m    at sessionMiddleware [90m(file:///app/[39msrc/web/middleware/session.js:22:9[90m)[39m
[2m[WebServer] [22m    at dispatch [90m(file:///app/[39mnode_modules/[4m.pnpm[24m/hono@4.9.0/node_modules/[4mhono[24m/dist/compose.js:22:23[90m)[39m
[2m[WebServer] [22m    at [90mfile:///app/[39mnode_modules/[4m.pnpm[24m/hono@4.9.0/node_modules/[4mhono[24m/dist/compose.js:22:46
[2m[WebServer] [22m    at jsxRenderer2 [90m(file:///app/[39mnode_modules/[4m.pnpm[24m/hono@4.9.0/node_modules/[4mhono[24m/dist/middleware/jsx-renderer/index.js:44:10[90m)[39m
[2m[WebServer] [22m    at dispatch [90m(file:///app/[39mnode_modules/[4m.pnpm[24m/hono@4.9.0/node_modules/[4mhono[24m/dist/compose.js:22:23[90m)[39m
[2m[WebServer] [22m    at [90mfile:///app/[39mnode_modules/[4m.pnpm[24m/hono@4.9.0/node_modules/[4mhono[24m/dist/compose.js:5:12
[2m[WebServer] [22m    at [90mfile:///app/[39mnode_modules/[4m.pnpm[24m/hono@4.9.0/node_modules/[4mhono[24m/dist/hono-base.js:201:31

[1A[2K[2m[WebServer] [22mReferenceError: React is not defined
[2m[WebServer] [22m    at <anonymous> [90m(/app/[39msrc/web/routes.jsx:125:19[90m)[39m
[2m[WebServer] [22m    at dispatch [90m(file:///app/[39mnode_modules/[4m.pnpm[24m/hono@4.9.0/node_modules/[4mhono[24m/dist/compose.js:22:23[90m)[39m
[2m[WebServer] [22m    at [90mfile:///app/[39mnode_modules/[4m.pnpm[24m/hono@4.9.0/node_modules/[4mhono[24m/dist/compose.js:22:46
[2m[WebServer] [22m    at sessionMiddleware [90m(file:///app/[39msrc/web/middleware/session.js:22:9[90m)[39m
[2m[WebServer] [22m    at dispatch [90m(file:///app/[39mnode_modules/[4m.pnpm[24m/hono@4.9.0/node_modules/[4mhono[24m/dist/compose.js:22:23[90m)[39m
[2m[WebServer] [22m    at [90mfile:///app/[39mnode_modules/[4m.pnpm[24m/hono@4.9.0/node_modules/[4mhono[24m/dist/compose.js:22:46
[2m[WebServer] [22m    at jsxRenderer2 [90m(file:///app/[39mnode_modules/[4m.pnpm[24m/hono@4.9.0/node_modules/[4mhono[24m/dist/middleware/jsx-renderer/index.js:44:10[90m)[39m
[2m[WebServer] [22m    at dispatch [90m(file:///app/[39mnode_modules/[4m.pnpm[24m/hono@4.9.0/node_modules/[4mhono[24m/dist/compose.js:22:23[90m)[39m
[2m[WebServer] [22m    at [90mfile:///app/[39mnode_modules/[4m.pnpm[24m/hono@4.9.0/node_modules/[4mhono[24m/dist/compose.js:5:12
[2m[WebServer] [22m    at [90mfile:///app/[39mnode_modules/[4m.pnpm[24m/hono@4.9.0/node_modules/[4mhono[24m/dist/hono-base.js:201:31

[1A[2K[2m[WebServer] [22mReferenceError: React is not defined
[2m[WebServer] [22m    at <anonymous> [90m(/app/[39msrc/web/routes.jsx:125:19[90m)[39m
[2m[WebServer] [22m    at dispatch [90m(file:///app/[39mnode_modules/[4m.pnpm[24m/hono@4.9.0/node_modules/[4mhono[24m/dist/compose.js:22:23[90m)[39m
[2m[WebServer] [22m    at [90mfile:///app/[39mnode_modules/[4m.pnpm[24m/hono@4.9.0/node_modules/[4mhono[24m/dist/compose.js:22:46
[2m[WebServer] [22m    at sessionMiddleware [90m(file:///app/[39msrc/web/middleware/session.js:22:9[90m)[39m
[2m[WebServer] [22m    at dispatch [90m(file:///app/[39mnode_modules/[4m.pnpm[24m/hono@4.9.0/node_modules/[4mhono[24m/dist/compose.js:22:23[90m)[39m
[2m[WebServer] [22m    at [90mfile:///app/[39mnode_modules/[4m.pnpm[24m/hono@4.9.0/node_modules/[4mhono[24m/dist/compose.js:22:46
[2m[WebServer] [22m    at jsxRenderer2 [90m(file:///app/[39mnode_modules/[4m.pnpm[24m/hono@4.9.0/node_modules/[4mhono[24m/dist/middleware/jsx-renderer/index.js:44:10[90m)[39m
[2m[WebServer] [22m    at dispatch [90m(file:///app/[39mnode_modules/[4m.pnpm[24m/hono@4.9.0/node_modules/[4mhono[24m/dist/compose.js:22:23[90m)[39m
[2m[WebServer] [22m    at [90mfile:///app/[39mnode_modules/[4m.pnpm[24m/hono@4.9.0/node_modules/[4mhono[24m/dist/compose.js:5:12
[2m[WebServer] [22m    at [90mfile:///app/[39mnode_modules/[4m.pnpm[24m/hono@4.9.0/node_modules/[4mhono[24m/dist/hono-base.js:201:31

[1A[2K[2m[WebServer] [22mReferenceError: React is not defined
[2m[WebServer] [22m    at <anonymous> [90m(/app/[39msrc/web/routes.jsx:125:19[90m)[39m
[2m[WebServer] [22m    at dispatch [90m(file:///app/[39mnode_modules/[4m.pnpm[24m/hono@4.9.0/node_modules/[4mhono[24m/dist/compose.js:22:23[90m)[39m
[2m[WebServer] [22m    at [90mfile:///app/[39mnode_modules/[4m.pnpm[24m/hono@4.9.0/node_modules/[4mhono[24m/dist/compose.js:22:46
[2m[WebServer] [22m    at sessionMiddleware [90m(file:///app/[39msrc/web/middleware/session.js:22:9[90m)[39m
[2m[WebServer] [22m    at dispatch [90m(file:///app/[39mnode_modules/[4m.pnpm[24m/hono@4.9.0/node_modules/[4mhono[24m/dist/compose.js:22:23[90m)[39m
[2m[WebServer] [22m    at [90mfile:///app/[39mnode_modules/[4m.pnpm[24m/hono@4.9.0/node_modules/[4mhono[24m/dist/compose.js:22:46
[2m[WebServer] [22m    at jsxRenderer2 [90m(file:///app/[39mnode_modules/[4m.pnpm[24m/hono@4.9.0/node_modules/[4mhono[24m/dist/middleware/jsx-renderer/index.js:44:10[90m)[39m
[2m[WebServer] [22m    at dispatch [90m(file:///app/[39mnode_modules/[4m.pnpm[24m/hono@4.9.0/node_modules/[4mhono[24m/dist/compose.js:22:23[90m)[39m
[2m[WebServer] [22m    at [90mfile:///app/[39mnode_modules/[4m.pnpm[24m/hono@4.9.0/node_modules/[4mhono[24m/dist/compose.js:5:12
[2m[WebServer] [22m    at [90mfile:///app/[39mnode_modules/[4m.pnpm[24m/hono@4.9.0/node_modules/[4mhono[24m/dist/hono-base.js:201:31

[1A[2K[2m[WebServer] [22mReferenceError: React is not defined
[2m[WebServer] [22m    at <anonymous> [90m(/app/[39msrc/web/routes.jsx:125:19[90m)[39m
[2m[WebServer] [22m    at dispatch [90m(file:///app/[39mnode_modules/[4m.pnpm[24m/hono@4.9.0/node_modules/[4mhono[24m/dist/compose.js:22:23[90m)[39m
[2m[WebServer] [22m    at [90mfile:///app/[39mnode_modules/[4m.pnpm[24m/hono@4.9.0/node_modules/[4mhono[24m/dist/compose.js:22:46
[2m[WebServer] [22m    at sessionMiddleware [90m(file:///app/[39msrc/web/middleware/session.js:22:9[90m)[39m
[2m[WebServer] [22m    at dispatch [90m(file:///app/[39mnode_modules/[4m.pnpm[24m/hono@4.9.0/node_modules/[4mhono[24m/dist/compose.js:22:23[90m)[39m
[2m[WebServer] [22m    at [90mfile:///app/[39mnode_modules/[4m.pnpm[24m/hono@4.9.0/node_modules/[4mhono[24m/dist/compose.js:22:46
[2m[WebServer] [22m    at jsxRenderer2 [90m(file:///app/[39mnode_modules/[4m.pnpm[24m/hono@4.9.0/node_modules/[4mhono[24m/dist/middleware/jsx-renderer/index.js:44:10[90m)[39m
[2m[WebServer] [22m    at dispatch [90m(file:///app/[39mnode_modules/[4m.pnpm[24m/hono@4.9.0/node_modules/[4mhono[24m/dist/compose.js:22:23[90m)[39m
[2m[WebServer] [22m    at [90mfile:///app/[39mnode_modules/[4m.pnpm[24m/hono@4.9.0/node_modules/[4mhono[24m/dist/compose.js:5:12
[2m[WebServer] [22m    at [90mfile:///app/[39mnode_modules/[4m.pnpm[24m/hono@4.9.0/node_modules/[4mhono[24m/dist/hono-base.js:201:31

[1A[2K[2m[WebServer] [22mReferenceError: React is not defined
[2m[WebServer] [22m    at <anonymous> [90m(/app/[39msrc/web/routes.jsx:125:19[90m)[39m
[2m[WebServer] [22m    at dispatch [90m(file:///app/[39mnode_modules/[4m.pnpm[24m/hono@4.9.0/node_modules/[4mhono[24m/dist/compose.js:22:23[90m)[39m
[2m[WebServer] [22m    at [90mfile:///app/[39mnode_modules/[4m.pnpm[24m/hono@4.9.0/node_modules/[4mhono[24m/dist/compose.js:22:46
[2m[WebServer] [22m    at sessionMiddleware [90m(file:///app/[39msrc/web/middleware/session.js:22:9[90m)[39m
[2m[WebServer] [22m    at dispatch [90m(file:///app/[39mnode_modules/[4m.pnpm[24m/hono@4.9.0/node_modules/[4mhono[24m/dist/compose.js:22:23[90m)[39m
[2m[WebServer] [22m    at [90mfile:///app/[39mnode_modules/[4m.pnpm[24m/hono@4.9.0/node_modules/[4mhono[24m/dist/compose.js:22:46
[2m[WebServer] [22m    at jsxRenderer2 [90m(file:///app/[39mnode_modules/[4m.pnpm[24m/hono@4.9.0/node_modules/[4mhono[24m/dist/middleware/jsx-renderer/index.js:44:10[90m)[39m
[2m[WebServer] [22m    at dispatch [90m(file:///app/[39mnode_modules/[4m.pnpm[24m/hono@4.9.0/node_modules/[4mhono[24m/dist/compose.js:22:23[90m)[39m
[2m[WebServer] [22m    at [90mfile:///app/[39mnode_modules/[4m.pnpm[24m/hono@4.9.0/node_modules/[4mhono[24m/dist/compose.js:5:12
[2m[WebServer] [22m    at [90mfile:///app/[39mnode_modules/[4m.pnpm[24m/hono@4.9.0/node_modules/[4mhono[24m/dist/hono-base.js:201:31

[1A[2K[2m[WebServer] [22mReferenceError: React is not defined
[2m[WebServer] [22m    at <anonymous> [90m(/app/[39msrc/web/routes.jsx:125:19[90m)[39m
[2m[WebServer] [22m    at dispatch [90m(file:///app/[39mnode_modules/[4m.pnpm[24m/hono@4.9.0/node_modules/[4mhono[24m/dist/compose.js:22:23[90m)[39m
[2m[WebServer] [22m    at [90mfile:///app/[39mnode_modules/[4m.pnpm[24m/hono@4.9.0/node_modules/[4mhono[24m/dist/compose.js:22:46
[2m[WebServer] [22m    at sessionMiddleware [90m(file:///app/[39msrc/web/middleware/session.js:22:9[90m)[39m
[2m[WebServer] [22m    at dispatch [90m(file:///app/[39mnode_modules/[4m.pnpm[24m/hono@4.9.0/node_modules/[4mhono[24m/dist/compose.js:22:23[90m)[39m
[2m[WebServer] [22m    at [90mfile:///app/[39mnode_modules/[4m.pnpm[24m/hono@4.9.0/node_modules/[4mhono[24m/dist/compose.js:22:46
[2m[WebServer] [22m    at jsxRenderer2 [90m(file:///app/[39mnode_modules/[4m.pnpm[24m/hono@4.9.0/node_modules/[4mhono[24m/dist/middleware/jsx-renderer/index.js:44:10[90m)[39m
[2m[WebServer] [22m    at dispatch [90m(file:///app/[39mnode_modules/[4m.pnpm[24m/hono@4.9.0/node_modules/[4mhono[24m/dist/compose.js:22:23[90m)[39m
[2m[WebServer] [22m    at [90mfile:///app/[39mnode_modules/[4m.pnpm[24m/hono@4.9.0/node_modules/[4mhono[24m/dist/compose.js:5:12
[2m[WebServer] [22m    at [90mfile:///app/[39mnode_modules/[4m.pnpm[24m/hono@4.9.0/node_modules/[4mhono[24m/dist/hono-base.js:201:31

[1A[2K[2m[WebServer] [22mReferenceError: React is not defined
[2m[WebServer] [22m    at <anonymous> [90m(/app/[39msrc/web/routes.jsx:125:19[90m)[39m
[2m[WebServer] [22m    at dispatch [90m(file:///app/[39mnode_modules/[4m.pnpm[24m/hono@4.9.0/node_modules/[4mhono[24m/dist/compose.js:22:23[90m)[39m
[2m[WebServer] [22m    at [90mfile:///app/[39mnode_modules/[4m.pnpm[24m/hono@4.9.0/node_modules/[4mhono[24m/dist/compose.js:22:46
[2m[WebServer] [22m    at sessionMiddleware [90m(file:///app/[39msrc/web/middleware/session.js:22:9[90m)[39m
[2m[WebServer] [22m    at dispatch [90m(file:///app/[39mnode_modules/[4m.pnpm[24m/hono@4.9.0/node_modules/[4mhono[24m/dist/compose.js:22:23[90m)[39m
[2m[WebServer] [22m    at [90mfile:///app/[39mnode_modules/[4m.pnpm[24m/hono@4.9.0/node_modules/[4mhono[24m/dist/compose.js:22:46
[2m[WebServer] [22m    at jsxRenderer2 [90m(file:///app/[39mnode_modules/[4m.pnpm[24m/hono@4.9.0/node_modules/[4mhono[24m/dist/middleware/jsx-renderer/index.js:44:10[90m)[39m
[2m[WebServer] [22m    at dispatch [90m(file:///app/[39mnode_modules/[4m.pnpm[24m/hono@4.9.0/node_modules/[4mhono[24m/dist/compose.js:22:23[90m)[39m
[2m[WebServer] [22m    at [90mfile:///app/[39mnode_modules/[4m.pnpm[24m/hono@4.9.0/node_modules/[4mhono[24m/dist/compose.js:5:12
[2m[WebServer] [22m    at [90mfile:///app/[39mnode_modules/[4m.pnpm[24m/hono@4.9.0/node_modules/[4mhono[24m/dist/hono-base.js:201:31

[1A[2K[2m[WebServer] [22mReferenceError: React is not defined
[2m[WebServer] [22m    at <anonymous> [90m(/app/[39msrc/web/routes.jsx:125:19[90m)[39m
[2m[WebServer] [22m    at dispatch [90m(file:///app/[39mnode_modules/[4m.pnpm[24m/hono@4.9.0/node_modules/[4mhono[24m/dist/compose.js:22:23[90m)[39m
[2m[WebServer] [22m    at [90mfile:///app/[39mnode_modules/[4m.pnpm[24m/hono@4.9.0/node_modules/[4mhono[24m/dist/compose.js:22:46
[2m[WebServer] [22m    at sessionMiddleware [90m(file:///app/[39msrc/web/middleware/session.js:22:9[90m)[39m
[2m[WebServer] [22m    at dispatch [90m(file:///app/[39mnode_modules/[4m.pnpm[24m/hono@4.9.0/node_modules/[4mhono[24m/dist/compose.js:22:23[90m)[39m
[2m[WebServer] [22m    at [90mfile:///app/[39mnode_modules/[4m.pnpm[24m/hono@4.9.0/node_modules/[4mhono[24m/dist/compose.js:22:46
[2m[WebServer] [22m    at jsxRenderer2 [90m(file:///app/[39mnode_modules/[4m.pnpm[24m/hono@4.9.0/node_modules/[4mhono[24m/dist/middleware/jsx-renderer/index.js:44:10[90m)[39m
[2m[WebServer] [22m    at dispatch [90m(file:///app/[39mnode_modules/[4m.pnpm[24m/hono@4.9.0/node_modules/[4mhono[24m/dist/compose.js:22:23[90m)[39m
[2m[WebServer] [22m    at [90mfile:///app/[39mnode_modules/[4m.pnpm[24m/hono@4.9.0/node_modules/[4mhono[24m/dist/compose.js:5:12
[2m[WebServer] [22m    at [90mfile:///app/[39mnode_modules/[4m.pnpm[24m/hono@4.9.0/node_modules/[4mhono[24m/dist/hono-base.js:201:31

[1A[2K[2m[WebServer] [22mReferenceError: React is not defined
[2m[WebServer] [22m    at <anonymous> [90m(/app/[39msrc/web/routes.jsx:125:19[90m)[39m
[2m[WebServer] [22m    at dispatch [90m(file:///app/[39mnode_modules/[4m.pnpm[24m/hono@4.9.0/node_modules/[4mhono[24m/dist/compose.js:22:23[90m)[39m
[2m[WebServer] [22m    at [90mfile:///app/[39mnode_modules/[4m.pnpm[24m/hono@4.9.0/node_modules/[4mhono[24m/dist/compose.js:22:46
[2m[WebServer] [22m    at sessionMiddleware [90m(file:///app/[39msrc/web/middleware/session.js:22:9[90m)[39m
[2m[WebServer] [22m    at dispatch [90m(file:///app/[39mnode_modules/[4m.pnpm[24m/hono@4.9.0/node_modules/[4mhono[24m/dist/compose.js:22:23[90m)[39m
[2m[WebServer] [22m    at [90mfile:///app/[39mnode_modules/[4m.pnpm[24m/hono@4.9.0/node_modules/[4mhono[24m/dist/compose.js:22:46
[2m[WebServer] [22m    at jsxRenderer2 [90m(file:///app/[39mnode_modules/[4m.pnpm[24m/hono@4.9.0/node_modules/[4mhono[24m/dist/middleware/jsx-renderer/index.js:44:10[90m)[39m
[2m[WebServer] [22m    at dispatch [90m(file:///app/[39mnode_modules/[4m.pnpm[24m/hono@4.9.0/node_modules/[4mhono[24m/dist/compose.js:22:23[90m)[39m
[2m[WebServer] [22m    at [90mfile:///app/[39mnode_modules/[4m.pnpm[24m/hono@4.9.0/node_modules/[4mhono[24m/dist/compose.js:5:12
[2m[WebServer] [22m    at [90mfile:///app/[39mnode_modules/[4m.pnpm[24m/hono@4.9.0/node_modules/[4mhono[24m/dist/hono-base.js:201:31

[1A[2K[2m[WebServer] [22mReferenceError: React is not defined
[2m[WebServer] [22m    at <anonymous> [90m(/app/[39msrc/web/routes.jsx:125:19[90m)[39m
[2m[WebServer] [22m    at dispatch [90m(file:///app/[39mnode_modules/[4m.pnpm[24m/hono@4.9.0/node_modules/[4mhono[24m/dist/compose.js:22:23[90m)[39m
[2m[WebServer] [22m    at [90mfile:///app/[39mnode_modules/[4m.pnpm[24m/hono@4.9.0/node_modules/[4mhono[24m/dist/compose.js:22:46
[2m[WebServer] [22m    at sessionMiddleware [90m(file:///app/[39msrc/web/middleware/session.js:22:9[90m)[39m
[2m[WebServer] [22m    at dispatch [90m(file:///app/[39mnode_modules/[4m.pnpm[24m/hono@4.9.0/node_modules/[4mhono[24m/dist/compose.js:22:23[90m)[39m
[2m[WebServer] [22m    at [90mfile:///app/[39mnode_modules/[4m.pnpm[24m/hono@4.9.0/node_modules/[4mhono[24m/dist/compose.js:22:46
[2m[WebServer] [22m    at jsxRenderer2 [90m(file:///app/[39mnode_modules/[4m.pnpm[24m/hono@4.9.0/node_modules/[4mhono[24m/dist/middleware/jsx-renderer/index.js:44:10[90m)[39m
[2m[WebServer] [22m    at dispatch [90m(file:///app/[39mnode_modules/[4m.pnpm[24m/hono@4.9.0/node_modules/[4mhono[24m/dist/compose.js:22:23[90m)[39m
[2m[WebServer] [22m    at [90mfile:///app/[39mnode_modules/[4m.pnpm[24m/hono@4.9.0/node_modules/[4mhono[24m/dist/compose.js:5:12
[2m[WebServer] [22m    at [90mfile:///app/[39mnode_modules/[4m.pnpm[24m/hono@4.9.0/node_modules/[4mhono[24m/dist/hono-base.js:201:31

[1A[2K[2m[WebServer] [22mReferenceError: React is not defined
[2m[WebServer] [22m    at <anonymous> [90m(/app/[39msrc/web/routes.jsx:125:19[90m)[39m
[2m[WebServer] [22m    at dispatch [90m(file:///app/[39mnode_modules/[4m.pnpm[24m/hono@4.9.0/node_modules/[4mhono[24m/dist/compose.js:22:23[90m)[39m
[2m[WebServer] [22m    at [90mfile:///app/[39mnode_modules/[4m.pnpm[24m/hono@4.9.0/node_modules/[4mhono[24m/dist/compose.js:22:46
[2m[WebServer] [22m    at sessionMiddleware [90m(file:///app/[39msrc/web/middleware/session.js:22:9[90m)[39m
[2m[WebServer] [22m    at dispatch [90m(file:///app/[39mnode_modules/[4m.pnpm[24m/hono@4.9.0/node_modules/[4mhono[24m/dist/compose.js:22:23[90m)[39m
[2m[WebServer] [22m    at [90mfile:///app/[39mnode_modules/[4m.pnpm[24m/hono@4.9.0/node_modules/[4mhono[24m/dist/compose.js:22:46
[2m[WebServer] [22m    at jsxRenderer2 [90m(file:///app/[39mnode_modules/[4m.pnpm[24m/hono@4.9.0/node_modules/[4mhono[24m/dist/middleware/jsx-renderer/index.js:44:10[90m)[39m
[2m[WebServer] [22m    at dispatch [90m(file:///app/[39mnode_modules/[4m.pnpm[24m/hono@4.9.0/node_modules/[4mhono[24m/dist/compose.js:22:23[90m)[39m
[2m[WebServer] [22m    at [90mfile:///app/[39mnode_modules/[4m.pnpm[24m/hono@4.9.0/node_modules/[4mhono[24m/dist/compose.js:5:12
[2m[WebServer] [22m    at [90mfile:///app/[39mnode_modules/[4m.pnpm[24m/hono@4.9.0/node_modules/[4mhono[24m/dist/hono-base.js:201:31

[1A[2K[2m[WebServer] [22mReferenceError: React is not defined
[2m[WebServer] [22m    at <anonymous> [90m(/app/[39msrc/web/routes.jsx:125:19[90m)[39m
[2m[WebServer] [22m    at dispatch [90m(file:///app/[39mnode_modules/[4m.pnpm[24m/hono@4.9.0/node_modules/[4mhono[24m/dist/compose.js:22:23[90m)[39m
[2m[WebServer] [22m    at [90mfile:///app/[39mnode_modules/[4m.pnpm[24m/hono@4.9.0/node_modules/[4mhono[24m/dist/compose.js:22:46
[2m[WebServer] [22m    at sessionMiddleware [90m(file:///app/[39msrc/web/middleware/session.js:22:9[90m)[39m
[2m[WebServer] [22m    at dispatch [90m(file:///app/[39mnode_modules/[4m.pnpm[24m/hono@4.9.0/node_modules/[4mhono[24m/dist/compose.js:22:23[90m)[39m
[2m[WebServer] [22m    at [90mfile:///app/[39mnode_modules/[4m.pnpm[24m/hono@4.9.0/node_modules/[4mhono[24m/dist/compose.js:22:46
[2m[WebServer] [22m    at jsxRenderer2 [90m(file:///app/[39mnode_modules/[4m.pnpm[24m/hono@4.9.0/node_modules/[4mhono[24m/dist/middleware/jsx-renderer/index.js:44:10[90m)[39m
[2m[WebServer] [22m    at dispatch [90m(file:///app/[39mnode_modules/[4m.pnpm[24m/hono@4.9.0/node_modules/[4mhono[24m/dist/compose.js:22:23[90m)[39m
[2m[WebServer] [22m    at [90mfile:///app/[39mnode_modules/[4m.pnpm[24m/hono@4.9.0/node_modules/[4mhono[24m/dist/compose.js:5:12
[2m[WebServer] [22m    at [90mfile:///app/[39mnode_modules/[4m.pnpm[24m/hono@4.9.0/node_modules/[4mhono[24m/dist/hono-base.js:201:31

[1A[2K[2m[WebServer] [22mReferenceError: React is not defined
[2m[WebServer] [22m    at <anonymous> [90m(/app/[39msrc/web/routes.jsx:125:19[90m)[39m
[2m[WebServer] [22m    at dispatch [90m(file:///app/[39mnode_modules/[4m.pnpm[24m/hono@4.9.0/node_modules/[4mhono[24m/dist/compose.js:22:23[90m)[39m
[2m[WebServer] [22m    at [90mfile:///app/[39mnode_modules/[4m.pnpm[24m/hono@4.9.0/node_modules/[4mhono[24m/dist/compose.js:22:46
[2m[WebServer] [22m    at sessionMiddleware [90m(file:///app/[39msrc/web/middleware/session.js:22:9[90m)[39m
[2m[WebServer] [22m    at dispatch [90m(file:///app/[39mnode_modules/[4m.pnpm[24m/hono@4.9.0/node_modules/[4mhono[24m/dist/compose.js:22:23[90m)[39m
[2m[WebServer] [22m    at [90mfile:///app/[39mnode_modules/[4m.pnpm[24m/hono@4.9.0/node_modules/[4mhono[24m/dist/compose.js:22:46
[2m[WebServer] [22m    at jsxRenderer2 [90m(file:///app/[39mnode_modules/[4m.pnpm[24m/hono@4.9.0/node_modules/[4mhono[24m/dist/middleware/jsx-renderer/index.js:44:10[90m)[39m
[2m[WebServer] [22m    at dispatch [90m(file:///app/[39mnode_modules/[4m.pnpm[24m/hono@4.9.0/node_modules/[4mhono[24m/dist/compose.js:22:23[90m)[39m
[2m[WebServer] [22m    at [90mfile:///app/[39mnode_modules/[4m.pnpm[24m/hono@4.9.0/node_modules/[4mhono[24m/dist/compose.js:5:12
[2m[WebServer] [22m    at [90mfile:///app/[39mnode_modules/[4m.pnpm[24m/hono@4.9.0/node_modules/[4mhono[24m/dist/hono-base.js:201:31

[1A[2K[2m[WebServer] [22mReferenceError: React is not defined
[2m[WebServer] [22m    at <anonymous> [90m(/app/[39msrc/web/routes.jsx:125:19[90m)[39m
[2m[WebServer] [22m    at dispatch [90m(file:///app/[39mnode_modules/[4m.pnpm[24m/hono@4.9.0/node_modules/[4mhono[24m/dist/compose.js:22:23[90m)[39m
[2m[WebServer] [22m    at [90mfile:///app/[39mnode_modules/[4m.pnpm[24m/hono@4.9.0/node_modules/[4mhono[24m/dist/compose.js:22:46
[2m[WebServer] [22m    at sessionMiddleware [90m(file:///app/[39msrc/web/middleware/session.js:22:9[90m)[39m
[2m[WebServer] [22m    at dispatch [90m(file:///app/[39mnode_modules/[4m.pnpm[24m/hono@4.9.0/node_modules/[4mhono[24m/dist/compose.js:22:23[90m)[39m
[2m[WebServer] [22m    at [90mfile:///app/[39mnode_modules/[4m.pnpm[24m/hono@4.9.0/node_modules/[4mhono[24m/dist/compose.js:22:46
[2m[WebServer] [22m    at jsxRenderer2 [90m(file:///app/[39mnode_modules/[4m.pnpm[24m/hono@4.9.0/node_modules/[4mhono[24m/dist/middleware/jsx-renderer/index.js:44:10[90m)[39m
[2m[WebServer] [22m    at dispatch [90m(file:///app/[39mnode_modules/[4m.pnpm[24m/hono@4.9.0/node_modules/[4mhono[24m/dist/compose.js:22:23[90m)[39m
[2m[WebServer] [22m    at [90mfile:///app/[39mnode_modules/[4m.pnpm[24m/hono@4.9.0/node_modules/[4mhono[24m/dist/compose.js:5:12
[2m[WebServer] [22m    at [90mfile:///app/[39mnode_modules/[4m.pnpm[24m/hono@4.9.0/node_modules/[4mhono[24m/dist/hono-base.js:201:31

[1A[2K[2m[WebServer] [22mReferenceError: React is not defined
[2m[WebServer] [22m    at <anonymous> [90m(/app/[39msrc/web/routes.jsx:125:19[90m)[39m
[2m[WebServer] [22m    at dispatch [90m(file:///app/[39mnode_modules/[4m.pnpm[24m/hono@4.9.0/node_modules/[4mhono[24m/dist/compose.js:22:23[90m)[39m
[2m[WebServer] [22m    at [90mfile:///app/[39mnode_modules/[4m.pnpm[24m/hono@4.9.0/node_modules/[4mhono[24m/dist/compose.js:22:46
[2m[WebServer] [22m    at sessionMiddleware [90m(file:///app/[39msrc/web/middleware/session.js:22:9[90m)[39m
[2m[WebServer] [22m    at dispatch [90m(file:///app/[39mnode_modules/[4m.pnpm[24m/hono@4.9.0/node_modules/[4mhono[24m/dist/compose.js:22:23[90m)[39m
[2m[WebServer] [22m    at [90mfile:///app/[39mnode_modules/[4m.pnpm[24m/hono@4.9.0/node_modules/[4mhono[24m/dist/compose.js:22:46
[2m[WebServer] [22m    at jsxRenderer2 [90m(file:///app/[39mnode_modules/[4m.pnpm[24m/hono@4.9.0/node_modules/[4mhono[24m/dist/middleware/jsx-renderer/index.js:44:10[90m)[39m
[2m[WebServer] [22m    at dispatch [90m(file:///app/[39mnode_modules/[4m.pnpm[24m/hono@4.9.0/node_modules/[4mhono[24m/dist/compose.js:22:23[90m)[39m
[2m[WebServer] [22m    at [90mfile:///app/[39mnode_modules/[4m.pnpm[24m/hono@4.9.0/node_modules/[4mhono[24m/dist/compose.js:5:12
[2m[WebServer] [22m    at [90mfile:///app/[39mnode_modules/[4m.pnpm[24m/hono@4.9.0/node_modules/[4mhono[24m/dist/hono-base.js:201:31

[1A[2K[2m[WebServer] [22mReferenceError: React is not defined
[2m[WebServer] [22m    at <anonymous> [90m(/app/[39msrc/web/routes.jsx:125:19[90m)[39m
[2m[WebServer] [22m    at dispatch [90m(file:///app/[39mnode_modules/[4m.pnpm[24m/hono@4.9.0/node_modules/[4mhono[24m/dist/compose.js:22:23[90m)[39m
[2m[WebServer] [22m    at [90mfile:///app/[39mnode_modules/[4m.pnpm[24m/hono@4.9.0/node_modules/[4mhono[24m/dist/compose.js:22:46
[2m[WebServer] [22m    at sessionMiddleware [90m(file:///app/[39msrc/web/middleware/session.js:22:9[90m)[39m
[2m[WebServer] [22m    at dispatch [90m(file:///app/[39mnode_modules/[4m.pnpm[24m/hono@4.9.0/node_modules/[4mhono[24m/dist/compose.js:22:23[90m)[39m
[2m[WebServer] [22m    at [90mfile:///app/[39mnode_modules/[4m.pnpm[24m/hono@4.9.0/node_modules/[4mhono[24m/dist/compose.js:22:46
[2m[WebServer] [22m    at jsxRenderer2 [90m(file:///app/[39mnode_modules/[4m.pnpm[24m/hono@4.9.0/node_modules/[4mhono[24m/dist/middleware/jsx-renderer/index.js:44:10[90m)[39m
[2m[WebServer] [22m    at dispatch [90m(file:///app/[39mnode_modules/[4m.pnpm[24m/hono@4.9.0/node_modules/[4mhono[24m/dist/compose.js:22:23[90m)[39m
[2m[WebServer] [22m    at [90mfile:///app/[39mnode_modules/[4m.pnpm[24m/hono@4.9.0/node_modules/[4mhono[24m/dist/compose.js:5:12
[2m[WebServer] [22m    at [90mfile:///app/[39mnode_modules/[4m.pnpm[24m/hono@4.9.0/node_modules/[4mhono[24m/dist/hono-base.js:201:31

[1A[2K[2m[WebServer] [22mReferenceError: React is not defined
[2m[WebServer] [22m    at <anonymous> [90m(/app/[39msrc/web/routes.jsx:125:19[90m)[39m
[2m[WebServer] [22m    at dispatch [90m(file:///app/[39mnode_modules/[4m.pnpm[24m/hono@4.9.0/node_modules/[4mhono[24m/dist/compose.js:22:23[90m)[39m
[2m[WebServer] [22m    at [90mfile:///app/[39mnode_modules/[4m.pnpm[24m/hono@4.9.0/node_modules/[4mhono[24m/dist/compose.js:22:46
[2m[WebServer] [22m    at sessionMiddleware [90m(file:///app/[39msrc/web/middleware/session.js:22:9[90m)[39m
[2m[WebServer] [22m    at dispatch [90m(file:///app/[39mnode_modules/[4m.pnpm[24m/hono@4.9.0/node_modules/[4mhono[24m/dist/compose.js:22:23[90m)[39m
[2m[WebServer] [22m    at [90mfile:///app/[39mnode_modules/[4m.pnpm[24m/hono@4.9.0/node_modules/[4mhono[24m/dist/compose.js:22:46
[2m[WebServer] [22m    at jsxRenderer2 [90m(file:///app/[39mnode_modules/[4m.pnpm[24m/hono@4.9.0/node_modules/[4mhono[24m/dist/middleware/jsx-renderer/index.js:44:10[90m)[39m
[2m[WebServer] [22m    at dispatch [90m(file:///app/[39mnode_modules/[4m.pnpm[24m/hono@4.9.0/node_modules/[4mhono[24m/dist/compose.js:22:23[90m)[39m
[2m[WebServer] [22m    at [90mfile:///app/[39mnode_modules/[4m.pnpm[24m/hono@4.9.0/node_modules/[4mhono[24m/dist/compose.js:5:12
[2m[WebServer] [22m    at [90mfile:///app/[39mnode_modules/[4m.pnpm[24m/hono@4.9.0/node_modules/[4mhono[24m/dist/hono-base.js:201:31

[1A[2K[2m[WebServer] [22mReferenceError: React is not defined
[2m[WebServer] [22m    at <anonymous> [90m(/app/[39msrc/web/routes.jsx:125:19[90m)[39m
[2m[WebServer] [22m    at dispatch [90m(file:///app/[39mnode_modules/[4m.pnpm[24m/hono@4.9.0/node_modules/[4mhono[24m/dist/compose.js:22:23[90m)[39m
[2m[WebServer] [22m    at [90mfile:///app/[39mnode_modules/[4m.pnpm[24m/hono@4.9.0/node_modules/[4mhono[24m/dist/compose.js:22:46
[2m[WebServer] [22m    at sessionMiddleware [90m(file:///app/[39msrc/web/middleware/session.js:22:9[90m)[39m
[2m[WebServer] [22m    at dispatch [90m(file:///app/[39mnode_modules/[4m.pnpm[24m/hono@4.9.0/node_modules/[4mhono[24m/dist/compose.js:22:23[90m)[39m
[2m[WebServer] [22m    at [90mfile:///app/[39mnode_modules/[4m.pnpm[24m/hono@4.9.0/node_modules/[4mhono[24m/dist/compose.js:22:46
[2m[WebServer] [22m    at jsxRenderer2 [90m(file:///app/[39mnode_modules/[4m.pnpm[24m/hono@4.9.0/node_modules/[4mhono[24m/dist/middleware/jsx-renderer/index.js:44:10[90m)[39m
[2m[WebServer] [22m    at dispatch [90m(file:///app/[39mnode_modules/[4m.pnpm[24m/hono@4.9.0/node_modules/[4mhono[24m/dist/compose.js:22:23[90m)[39m
[2m[WebServer] [22m    at [90mfile:///app/[39mnode_modules/[4m.pnpm[24m/hono@4.9.0/node_modules/[4mhono[24m/dist/compose.js:5:12
[2m[WebServer] [22m    at [90mfile:///app/[39mnode_modules/[4m.pnpm[24m/hono@4.9.0/node_modules/[4mhono[24m/dist/hono-base.js:201:31

[1A[2K[2m[WebServer] [22mReferenceError: React is not defined
[2m[WebServer] [22m    at <anonymous> [90m(/app/[39msrc/web/routes.jsx:125:19[90m)[39m
[2m[WebServer] [22m    at dispatch [90m(file:///app/[39mnode_modules/[4m.pnpm[24m/hono@4.9.0/node_modules/[4mhono[24m/dist/compose.js:22:23[90m)[39m
[2m[WebServer] [22m    at [90mfile:///app/[39mnode_modules/[4m.pnpm[24m/hono@4.9.0/node_modules/[4mhono[24m/dist/compose.js:22:46
[2m[WebServer] [22m    at sessionMiddleware [90m(file:///app/[39msrc/web/middleware/session.js:22:9[90m)[39m
[2m[WebServer] [22m    at dispatch [90m(file:///app/[39mnode_modules/[4m.pnpm[24m/hono@4.9.0/node_modules/[4mhono[24m/dist/compose.js:22:23[90m)[39m
[2m[WebServer] [22m    at [90mfile:///app/[39mnode_modules/[4m.pnpm[24m/hono@4.9.0/node_modules/[4mhono[24m/dist/compose.js:22:46
[2m[WebServer] [22m    at jsxRenderer2 [90m(file:///app/[39mnode_modules/[4m.pnpm[24m/hono@4.9.0/node_modules/[4mhono[24m/dist/middleware/jsx-renderer/index.js:44:10[90m)[39m
[2m[WebServer] [22m    at dispatch [90m(file:///app/[39mnode_modules/[4m.pnpm[24m/hono@4.9.0/node_modules/[4mhono[24m/dist/compose.js:22:23[90m)[39m
[2m[WebServer] [22m    at [90mfile:///app/[39mnode_modules/[4m.pnpm[24m/hono@4.9.0/node_modules/[4mhono[24m/dist/compose.js:5:12
[2m[WebServer] [22m    at [90mfile:///app/[39mnode_modules/[4m.pnpm[24m/hono@4.9.0/node_modules/[4mhono[24m/dist/hono-base.js:201:31

[1A[2K[2m[WebServer] [22mReferenceError: React is not defined
[2m[WebServer] [22m    at <anonymous> [90m(/app/[39msrc/web/routes.jsx:125:19[90m)[39m
[2m[WebServer] [22m    at dispatch [90m(file:///app/[39mnode_modules/[4m.pnpm[24m/hono@4.9.0/node_modules/[4mhono[24m/dist/compose.js:22:23[90m)[39m
[2m[WebServer] [22m    at [90mfile:///app/[39mnode_modules/[4m.pnpm[24m/hono@4.9.0/node_modules/[4mhono[24m/dist/compose.js:22:46
[2m[WebServer] [22m    at sessionMiddleware [90m(file:///app/[39msrc/web/middleware/session.js:22:9[90m)[39m
[2m[WebServer] [22m    at dispatch [90m(file:///app/[39mnode_modules/[4m.pnpm[24m/hono@4.9.0/node_modules/[4mhono[24m/dist/compose.js:22:23[90m)[39m
[2m[WebServer] [22m    at [90mfile:///app/[39mnode_modules/[4m.pnpm[24m/hono@4.9.0/node_modules/[4mhono[24m/dist/compose.js:22:46
[2m[WebServer] [22m    at jsxRenderer2 [90m(file:///app/[39mnode_modules/[4m.pnpm[24m/hono@4.9.0/node_modules/[4mhono[24m/dist/middleware/jsx-renderer/index.js:44:10[90m)[39m
[2m[WebServer] [22m    at dispatch [90m(file:///app/[39mnode_modules/[4m.pnpm[24m/hono@4.9.0/node_modules/[4mhono[24m/dist/compose.js:22:23[90m)[39m
[2m[WebServer] [22m    at [90mfile:///app/[39mnode_modules/[4m.pnpm[24m/hono@4.9.0/node_modules/[4mhono[24m/dist/compose.js:5:12
[2m[WebServer] [22m    at [90mfile:///app/[39mnode_modules/[4m.pnpm[24m/hono@4.9.0/node_modules/[4mhono[24m/dist/hono-base.js:201:31

[1A[2K[2m[WebServer] [22mReferenceError: React is not defined
[2m[WebServer] [22m    at <anonymous> [90m(/app/[39msrc/web/routes.jsx:125:19[90m)[39m
[2m[WebServer] [22m    at dispatch [90m(file:///app/[39mnode_modules/[4m.pnpm[24m/hono@4.9.0/node_modules/[4mhono[24m/dist/compose.js:22:23[90m)[39m
[2m[WebServer] [22m    at [90mfile:///app/[39mnode_modules/[4m.pnpm[24m/hono@4.9.0/node_modules/[4mhono[24m/dist/compose.js:22:46
[2m[WebServer] [22m    at sessionMiddleware [90m(file:///app/[39msrc/web/middleware/session.js:22:9[90m)[39m
[2m[WebServer] [22m    at dispatch [90m(file:///app/[39mnode_modules/[4m.pnpm[24m/hono@4.9.0/node_modules/[4mhono[24m/dist/compose.js:22:23[90m)[39m
[2m[WebServer] [22m    at [90mfile:///app/[39mnode_modules/[4m.pnpm[24m/hono@4.9.0/node_modules/[4mhono[24m/dist/compose.js:22:46
[2m[WebServer] [22m    at jsxRenderer2 [90m(file:///app/[39mnode_modules/[4m.pnpm[24m/hono@4.9.0/node_modules/[4mhono[24m/dist/middleware/jsx-renderer/index.js:44:10[90m)[39m
[2m[WebServer] [22m    at dispatch [90m(file:///app/[39mnode_modules/[4m.pnpm[24m/hono@4.9.0/node_modules/[4mhono[24m/dist/compose.js:22:23[90m)[39m
[2m[WebServer] [22m    at [90mfile:///app/[39mnode_modules/[4m.pnpm[24m/hono@4.9.0/node_modules/[4mhono[24m/dist/compose.js:5:12
[2m[WebServer] [22m    at [90mfile:///app/[39mnode_modules/[4m.pnpm[24m/hono@4.9.0/node_modules/[4mhono[24m/dist/hono-base.js:201:31

[1A[2K[2m[WebServer] [22mReferenceError: React is not defined
[2m[WebServer] [22m    at <anonymous> [90m(/app/[39msrc/web/routes.jsx:125:19[90m)[39m
[2m[WebServer] [22m    at dispatch [90m(file:///app/[39mnode_modules/[4m.pnpm[24m/hono@4.9.0/node_modules/[4mhono[24m/dist/compose.js:22:23[90m)[39m
[2m[WebServer] [22m    at [90mfile:///app/[39mnode_modules/[4m.pnpm[24m/hono@4.9.0/node_modules/[4mhono[24m/dist/compose.js:22:46
[2m[WebServer] [22m    at sessionMiddleware [90m(file:///app/[39msrc/web/middleware/session.js:22:9[90m)[39m
[2m[WebServer] [22m    at dispatch [90m(file:///app/[39mnode_modules/[4m.pnpm[24m/hono@4.9.0/node_modules/[4mhono[24m/dist/compose.js:22:23[90m)[39m
[2m[WebServer] [22m    at [90mfile:///app/[39mnode_modules/[4m.pnpm[24m/hono@4.9.0/node_modules/[4mhono[24m/dist/compose.js:22:46
[2m[WebServer] [22m    at jsxRenderer2 [90m(file:///app/[39mnode_modules/[4m.pnpm[24m/hono@4.9.0/node_modules/[4mhono[24m/dist/middleware/jsx-renderer/index.js:44:10[90m)[39m
[2m[WebServer] [22m    at dispatch [90m(file:///app/[39mnode_modules/[4m.pnpm[24m/hono@4.9.0/node_modules/[4mhono[24m/dist/compose.js:22:23[90m)[39m
[2m[WebServer] [22m    at [90mfile:///app/[39mnode_modules/[4m.pnpm[24m/hono@4.9.0/node_modules/[4mhono[24m/dist/compose.js:5:12
[2m[WebServer] [22m    at [90mfile:///app/[39mnode_modules/[4m.pnpm[24m/hono@4.9.0/node_modules/[4mhono[24m/dist/hono-base.js:201:31

[1A[2K[2m[WebServer] [22mReferenceError: React is not defined
[2m[WebServer] [22m    at <anonymous> [90m(/app/[39msrc/web/routes.jsx:125:19[90m)[39m
[2m[WebServer] [22m    at dispatch [90m(file:///app/[39mnode_modules/[4m.pnpm[24m/hono@4.9.0/node_modules/[4mhono[24m/dist/compose.js:22:23[90m)[39m
[2m[WebServer] [22m    at [90mfile:///app/[39mnode_modules/[4m.pnpm[24m/hono@4.9.0/node_modules/[4mhono[24m/dist/compose.js:22:46
[2m[WebServer] [22m    at sessionMiddleware [90m(file:///app/[39msrc/web/middleware/session.js:22:9[90m)[39m
[2m[WebServer] [22m    at dispatch [90m(file:///app/[39mnode_modules/[4m.pnpm[24m/hono@4.9.0/node_modules/[4mhono[24m/dist/compose.js:22:23[90m)[39m
[2m[WebServer] [22m    at [90mfile:///app/[39mnode_modules/[4m.pnpm[24m/hono@4.9.0/node_modules/[4mhono[24m/dist/compose.js:22:46
[2m[WebServer] [22m    at jsxRenderer2 [90m(file:///app/[39mnode_modules/[4m.pnpm[24m/hono@4.9.0/node_modules/[4mhono[24m/dist/middleware/jsx-renderer/index.js:44:10[90m)[39m
[2m[WebServer] [22m    at dispatch [90m(file:///app/[39mnode_modules/[4m.pnpm[24m/hono@4.9.0/node_modules/[4mhono[24m/dist/compose.js:22:23[90m)[39m
[2m[WebServer] [22m    at [90mfile:///app/[39mnode_modules/[4m.pnpm[24m/hono@4.9.0/node_modules/[4mhono[24m/dist/compose.js:5:12
[2m[WebServer] [22m    at [90mfile:///app/[39mnode_modules/[4m.pnpm[24m/hono@4.9.0/node_modules/[4mhono[24m/dist/hono-base.js:201:31

[1A[2K[2m[WebServer] [22mReferenceError: React is not defined
[2m[WebServer] [22m    at <anonymous> [90m(/app/[39msrc/web/routes.jsx:125:19[90m)[39m
[2m[WebServer] [22m    at dispatch [90m(file:///app/[39mnode_modules/[4m.pnpm[24m/hono@4.9.0/node_modules/[4mhono[24m/dist/compose.js:22:23[90m)[39m
[2m[WebServer] [22m    at [90mfile:///app/[39mnode_modules/[4m.pnpm[24m/hono@4.9.0/node_modules/[4mhono[24m/dist/compose.js:22:46
[2m[WebServer] [22m    at sessionMiddleware [90m(file:///app/[39msrc/web/middleware/session.js:22:9[90m)[39m
[2m[WebServer] [22m    at dispatch [90m(file:///app/[39mnode_modules/[4m.pnpm[24m/hono@4.9.0/node_modules/[4mhono[24m/dist/compose.js:22:23[90m)[39m
[2m[WebServer] [22m    at [90mfile:///app/[39mnode_modules/[4m.pnpm[24m/hono@4.9.0/node_modules/[4mhono[24m/dist/compose.js:22:46
[2m[WebServer] [22m    at jsxRenderer2 [90m(file:///app/[39mnode_modules/[4m.pnpm[24m/hono@4.9.0/node_modules/[4mhono[24m/dist/middleware/jsx-renderer/index.js:44:10[90m)[39m
[2m[WebServer] [22m    at dispatch [90m(file:///app/[39mnode_modules/[4m.pnpm[24m/hono@4.9.0/node_modules/[4mhono[24m/dist/compose.js:22:23[90m)[39m
[2m[WebServer] [22m    at [90mfile:///app/[39mnode_modules/[4m.pnpm[24m/hono@4.9.0/node_modules/[4mhono[24m/dist/compose.js:5:12
[2m[WebServer] [22m    at [90mfile:///app/[39mnode_modules/[4m.pnpm[24m/hono@4.9.0/node_modules/[4mhono[24m/dist/hono-base.js:201:31

[1A[2K[2m[WebServer] [22mReferenceError: React is not defined
[2m[WebServer] [22m    at <anonymous> [90m(/app/[39msrc/web/routes.jsx:125:19[90m)[39m
[2m[WebServer] [22m    at dispatch [90m(file:///app/[39mnode_modules/[4m.pnpm[24m/hono@4.9.0/node_modules/[4mhono[24m/dist/compose.js:22:23[90m)[39m
[2m[WebServer] [22m    at [90mfile:///app/[39mnode_modules/[4m.pnpm[24m/hono@4.9.0/node_modules/[4mhono[24m/dist/compose.js:22:46
[2m[WebServer] [22m    at sessionMiddleware [90m(file:///app/[39msrc/web/middleware/session.js:22:9[90m)[39m
[2m[WebServer] [22m    at dispatch [90m(file:///app/[39mnode_modules/[4m.pnpm[24m/hono@4.9.0/node_modules/[4mhono[24m/dist/compose.js:22:23[90m)[39m
[2m[WebServer] [22m    at [90mfile:///app/[39mnode_modules/[4m.pnpm[24m/hono@4.9.0/node_modules/[4mhono[24m/dist/compose.js:22:46
[2m[WebServer] [22m    at jsxRenderer2 [90m(file:///app/[39mnode_modules/[4m.pnpm[24m/hono@4.9.0/node_modules/[4mhono[24m/dist/middleware/jsx-renderer/index.js:44:10[90m)[39m
[2m[WebServer] [22m    at dispatch [90m(file:///app/[39mnode_modules/[4m.pnpm[24m/hono@4.9.0/node_modules/[4mhono[24m/dist/compose.js:22:23[90m)[39m
[2m[WebServer] [22m    at [90mfile:///app/[39mnode_modules/[4m.pnpm[24m/hono@4.9.0/node_modules/[4mhono[24m/dist/compose.js:5:12
[2m[WebServer] [22m    at [90mfile:///app/[39mnode_modules/[4m.pnpm[24m/hono@4.9.0/node_modules/[4mhono[24m/dist/hono-base.js:201:31

[1A[2K[2m[WebServer] [22mReferenceError: React is not defined
[2m[WebServer] [22m    at <anonymous> [90m(/app/[39msrc/web/routes.jsx:125:19[90m)[39m
[2m[WebServer] [22m    at dispatch [90m(file:///app/[39mnode_modules/[4m.pnpm[24m/hono@4.9.0/node_modules/[4mhono[24m/dist/compose.js:22:23[90m)[39m
[2m[WebServer] [22m    at [90mfile:///app/[39mnode_modules/[4m.pnpm[24m/hono@4.9.0/node_modules/[4mhono[24m/dist/compose.js:22:46
[2m[WebServer] [22m    at sessionMiddleware [90m(file:///app/[39msrc/web/middleware/session.js:22:9[90m)[39m
[2m[WebServer] [22m    at dispatch [90m(file:///app/[39mnode_modules/[4m.pnpm[24m/hono@4.9.0/node_modules/[4mhono[24m/dist/compose.js:22:23[90m)[39m
[2m[WebServer] [22m    at [90mfile:///app/[39mnode_modules/[4m.pnpm[24m/hono@4.9.0/node_modules/[4mhono[24m/dist/compose.js:22:46
[2m[WebServer] [22m    at jsxRenderer2 [90m(file:///app/[39mnode_modules/[4m.pnpm[24m/hono@4.9.0/node_modules/[4mhono[24m/dist/middleware/jsx-renderer/index.js:44:10[90m)[39m
[2m[WebServer] [22m    at dispatch [90m(file:///app/[39mnode_modules/[4m.pnpm[24m/hono@4.9.0/node_modules/[4mhono[24m/dist/compose.js:22:23[90m)[39m
[2m[WebServer] [22m    at [90mfile:///app/[39mnode_modules/[4m.pnpm[24m/hono@4.9.0/node_modules/[4mhono[24m/dist/compose.js:5:12
[2m[WebServer] [22m    at [90mfile:///app/[39mnode_modules/[4m.pnpm[24m/hono@4.9.0/node_modules/[4mhono[24m/dist/hono-base.js:201:31

[1A[2K[2m[WebServer] [22mReferenceError: React is not defined
[2m[WebServer] [22m    at <anonymous> [90m(/app/[39msrc/web/routes.jsx:125:19[90m)[39m
[2m[WebServer] [22m    at dispatch [90m(file:///app/[39mnode_modules/[4m.pnpm[24m/hono@4.9.0/node_modules/[4mhono[24m/dist/compose.js:22:23[90m)[39m
[2m[WebServer] [22m    at [90mfile:///app/[39mnode_modules/[4m.pnpm[24m/hono@4.9.0/node_modules/[4mhono[24m/dist/compose.js:22:46
[2m[WebServer] [22m    at sessionMiddleware [90m(file:///app/[39msrc/web/middleware/session.js:22:9[90m)[39m
[2m[WebServer] [22m    at dispatch [90m(file:///app/[39mnode_modules/[4m.pnpm[24m/hono@4.9.0/node_modules/[4mhono[24m/dist/compose.js:22:23[90m)[39m
[2m[WebServer] [22m    at [90mfile:///app/[39mnode_modules/[4m.pnpm[24m/hono@4.9.0/node_modules/[4mhono[24m/dist/compose.js:22:46
[2m[WebServer] [22m    at jsxRenderer2 [90m(file:///app/[39mnode_modules/[4m.pnpm[24m/hono@4.9.0/node_modules/[4mhono[24m/dist/middleware/jsx-renderer/index.js:44:10[90m)[39m
[2m[WebServer] [22m    at dispatch [90m(file:///app/[39mnode_modules/[4m.pnpm[24m/hono@4.9.0/node_modules/[4mhono[24m/dist/compose.js:22:23[90m)[39m
[2m[WebServer] [22m    at [90mfile:///app/[39mnode_modules/[4m.pnpm[24m/hono@4.9.0/node_modules/[4mhono[24m/dist/compose.js:5:12
[2m[WebServer] [22m    at [90mfile:///app/[39mnode_modules/[4m.pnpm[24m/hono@4.9.0/node_modules/[4mhono[24m/dist/hono-base.js:201:31

[1A[2K[2m[WebServer] [22mReferenceError: React is not defined
[2m[WebServer] [22m    at <anonymous> [90m(/app/[39msrc/web/routes.jsx:125:19[90m)[39m
[2m[WebServer] [22m    at dispatch [90m(file:///app/[39mnode_modules/[4m.pnpm[24m/hono@4.9.0/node_modules/[4mhono[24m/dist/compose.js:22:23[90m)[39m
[2m[WebServer] [22m    at [90mfile:///app/[39mnode_modules/[4m.pnpm[24m/hono@4.9.0/node_modules/[4mhono[24m/dist/compose.js:22:46
[2m[WebServer] [22m    at sessionMiddleware [90m(file:///app/[39msrc/web/middleware/session.js:22:9[90m)[39m
[2m[WebServer] [22m    at dispatch [90m(file:///app/[39mnode_modules/[4m.pnpm[24m/hono@4.9.0/node_modules/[4mhono[24m/dist/compose.js:22:23[90m)[39m
[2m[WebServer] [22m    at [90mfile:///app/[39mnode_modules/[4m.pnpm[24m/hono@4.9.0/node_modules/[4mhono[24m/dist/compose.js:22:46
[2m[WebServer] [22m    at jsxRenderer2 [90m(file:///app/[39mnode_modules/[4m.pnpm[24m/hono@4.9.0/node_modules/[4mhono[24m/dist/middleware/jsx-renderer/index.js:44:10[90m)[39m
[2m[WebServer] [22m    at dispatch [90m(file:///app/[39mnode_modules/[4m.pnpm[24m/hono@4.9.0/node_modules/[4mhono[24m/dist/compose.js:22:23[90m)[39m
[2m[WebServer] [22m    at [90mfile:///app/[39mnode_modules/[4m.pnpm[24m/hono@4.9.0/node_modules/[4mhono[24m/dist/compose.js:5:12
[2m[WebServer] [22m    at [90mfile:///app/[39mnode_modules/[4m.pnpm[24m/hono@4.9.0/node_modules/[4mhono[24m/dist/hono-base.js:201:31

[1A[2K[2m[WebServer] [22mReferenceError: React is not defined
[2m[WebServer] [22m    at <anonymous> [90m(/app/[39msrc/web/routes.jsx:125:19[90m)[39m
[2m[WebServer] [22m    at dispatch [90m(file:///app/[39mnode_modules/[4m.pnpm[24m/hono@4.9.0/node_modules/[4mhono[24m/dist/compose.js:22:23[90m)[39m
[2m[WebServer] [22m    at [90mfile:///app/[39mnode_modules/[4m.pnpm[24m/hono@4.9.0/node_modules/[4mhono[24m/dist/compose.js:22:46
[2m[WebServer] [22m    at sessionMiddleware [90m(file:///app/[39msrc/web/middleware/session.js:22:9[90m)[39m
[2m[WebServer] [22m    at dispatch [90m(file:///app/[39mnode_modules/[4m.pnpm[24m/hono@4.9.0/node_modules/[4mhono[24m/dist/compose.js:22:23[90m)[39m
[2m[WebServer] [22m    at [90mfile:///app/[39mnode_modules/[4m.pnpm[24m/hono@4.9.0/node_modules/[4mhono[24m/dist/compose.js:22:46
[2m[WebServer] [22m    at jsxRenderer2 [90m(file:///app/[39mnode_modules/[4m.pnpm[24m/hono@4.9.0/node_modules/[4mhono[24m/dist/middleware/jsx-renderer/index.js:44:10[90m)[39m
[2m[WebServer] [22m    at dispatch [90m(file:///app/[39mnode_modules/[4m.pnpm[24m/hono@4.9.0/node_modules/[4mhono[24m/dist/compose.js:22:23[90m)[39m
[2m[WebServer] [22m    at [90mfile:///app/[39mnode_modules/[4m.pnpm[24m/hono@4.9.0/node_modules/[4mhono[24m/dist/compose.js:5:12
[2m[WebServer] [22m    at [90mfile:///app/[39mnode_modules/[4m.pnpm[24m/hono@4.9.0/node_modules/[4mhono[24m/dist/hono-base.js:201:31

[1A[2K[2m[WebServer] [22mReferenceError: React is not defined
[2m[WebServer] [22m    at <anonymous> [90m(/app/[39msrc/web/routes.jsx:125:19[90m)[39m
[2m[WebServer] [22m    at dispatch [90m(file:///app/[39mnode_modules/[4m.pnpm[24m/hono@4.9.0/node_modules/[4mhono[24m/dist/compose.js:22:23[90m)[39m
[2m[WebServer] [22m    at [90mfile:///app/[39mnode_modules/[4m.pnpm[24m/hono@4.9.0/node_modules/[4mhono[24m/dist/compose.js:22:46
[2m[WebServer] [22m    at sessionMiddleware [90m(file:///app/[39msrc/web/middleware/session.js:22:9[90m)[39m
[2m[WebServer] [22m    at dispatch [90m(file:///app/[39mnode_modules/[4m.pnpm[24m/hono@4.9.0/node_modules/[4mhono[24m/dist/compose.js:22:23[90m)[39m
[2m[WebServer] [22m    at [90mfile:///app/[39mnode_modules/[4m.pnpm[24m/hono@4.9.0/node_modules/[4mhono[24m/dist/compose.js:22:46
[2m[WebServer] [22m    at jsxRenderer2 [90m(file:///app/[39mnode_modules/[4m.pnpm[24m/hono@4.9.0/node_modules/[4mhono[24m/dist/middleware/jsx-renderer/index.js:44:10[90m)[39m
[2m[WebServer] [22m    at dispatch [90m(file:///app/[39mnode_modules/[4m.pnpm[24m/hono@4.9.0/node_modules/[4mhono[24m/dist/compose.js:22:23[90m)[39m
[2m[WebServer] [22m    at [90mfile:///app/[39mnode_modules/[4m.pnpm[24m/hono@4.9.0/node_modules/[4mhono[24m/dist/compose.js:5:12
[2m[WebServer] [22m    at [90mfile:///app/[39mnode_modules/[4m.pnpm[24m/hono@4.9.0/node_modules/[4mhono[24m/dist/hono-base.js:201:31

[1A[2K[2m[WebServer] [22mReferenceError: React is not defined
[2m[WebServer] [22m    at <anonymous> [90m(/app/[39msrc/web/routes.jsx:125:19[90m)[39m
[2m[WebServer] [22m    at dispatch [90m(file:///app/[39mnode_modules/[4m.pnpm[24m/hono@4.9.0/node_modules/[4mhono[24m/dist/compose.js:22:23[90m)[39m
[2m[WebServer] [22m    at [90mfile:///app/[39mnode_modules/[4m.pnpm[24m/hono@4.9.0/node_modules/[4mhono[24m/dist/compose.js:22:46
[2m[WebServer] [22m    at sessionMiddleware [90m(file:///app/[39msrc/web/middleware/session.js:22:9[90m)[39m
[2m[WebServer] [22m    at dispatch [90m(file:///app/[39mnode_modules/[4m.pnpm[24m/hono@4.9.0/node_modules/[4mhono[24m/dist/compose.js:22:23[90m)[39m
[2m[WebServer] [22m    at [90mfile:///app/[39mnode_modules/[4m.pnpm[24m/hono@4.9.0/node_modules/[4mhono[24m/dist/compose.js:22:46
[2m[WebServer] [22m    at jsxRenderer2 [90m(file:///app/[39mnode_modules/[4m.pnpm[24m/hono@4.9.0/node_modules/[4mhono[24m/dist/middleware/jsx-renderer/index.js:44:10[90m)[39m
[2m[WebServer] [22m    at dispatch [90m(file:///app/[39mnode_modules/[4m.pnpm[24m/hono@4.9.0/node_modules/[4mhono[24m/dist/compose.js:22:23[90m)[39m
[2m[WebServer] [22m    at [90mfile:///app/[39mnode_modules/[4m.pnpm[24m/hono@4.9.0/node_modules/[4mhono[24m/dist/compose.js:5:12
[2m[WebServer] [22m    at [90mfile:///app/[39mnode_modules/[4m.pnpm[24m/hono@4.9.0/node_modules/[4mhono[24m/dist/hono-base.js:201:31

[1A[2K[2m[WebServer] [22mReferenceError: React is not defined
[2m[WebServer] [22m    at <anonymous> [90m(/app/[39msrc/web/routes.jsx:125:19[90m)[39m
[2m[WebServer] [22m    at dispatch [90m(file:///app/[39mnode_modules/[4m.pnpm[24m/hono@4.9.0/node_modules/[4mhono[24m/dist/compose.js:22:23[90m)[39m
[2m[WebServer] [22m    at [90mfile:///app/[39mnode_modules/[4m.pnpm[24m/hono@4.9.0/node_modules/[4mhono[24m/dist/compose.js:22:46
[2m[WebServer] [22m    at sessionMiddleware [90m(file:///app/[39msrc/web/middleware/session.js:22:9[90m)[39m
[2m[WebServer] [22m    at dispatch [90m(file:///app/[39mnode_modules/[4m.pnpm[24m/hono@4.9.0/node_modules/[4mhono[24m/dist/compose.js:22:23[90m)[39m
[2m[WebServer] [22m    at [90mfile:///app/[39mnode_modules/[4m.pnpm[24m/hono@4.9.0/node_modules/[4mhono[24m/dist/compose.js:22:46
[2m[WebServer] [22m    at jsxRenderer2 [90m(file:///app/[39mnode_modules/[4m.pnpm[24m/hono@4.9.0/node_modules/[4mhono[24m/dist/middleware/jsx-renderer/index.js:44:10[90m)[39m
[2m[WebServer] [22m    at dispatch [90m(file:///app/[39mnode_modules/[4m.pnpm[24m/hono@4.9.0/node_modules/[4mhono[24m/dist/compose.js:22:23[90m)[39m
[2m[WebServer] [22m    at [90mfile:///app/[39mnode_modules/[4m.pnpm[24m/hono@4.9.0/node_modules/[4mhono[24m/dist/compose.js:5:12
[2m[WebServer] [22m    at [90mfile:///app/[39mnode_modules/[4m.pnpm[24m/hono@4.9.0/node_modules/[4mhono[24m/dist/hono-base.js:201:31

[1A[2K[2m[WebServer] [22mReferenceError: React is not defined
[2m[WebServer] [22m    at <anonymous> [90m(/app/[39msrc/web/routes.jsx:125:19[90m)[39m
[2m[WebServer] [22m    at dispatch [90m(file:///app/[39mnode_modules/[4m.pnpm[24m/hono@4.9.0/node_modules/[4mhono[24m/dist/compose.js:22:23[90m)[39m
[2m[WebServer] [22m    at [90mfile:///app/[39mnode_modules/[4m.pnpm[24m/hono@4.9.0/node_modules/[4mhono[24m/dist/compose.js:22:46
[2m[WebServer] [22m    at sessionMiddleware [90m(file:///app/[39msrc/web/middleware/session.js:22:9[90m)[39m
[2m[WebServer] [22m    at dispatch [90m(file:///app/[39mnode_modules/[4m.pnpm[24m/hono@4.9.0/node_modules/[4mhono[24m/dist/compose.js:22:23[90m)[39m
[2m[WebServer] [22m    at [90mfile:///app/[39mnode_modules/[4m.pnpm[24m/hono@4.9.0/node_modules/[4mhono[24m/dist/compose.js:22:46
[2m[WebServer] [22m    at jsxRenderer2 [90m(file:///app/[39mnode_modules/[4m.pnpm[24m/hono@4.9.0/node_modules/[4mhono[24m/dist/middleware/jsx-renderer/index.js:44:10[90m)[39m
[2m[WebServer] [22m    at dispatch [90m(file:///app/[39mnode_modules/[4m.pnpm[24m/hono@4.9.0/node_modules/[4mhono[24m/dist/compose.js:22:23[90m)[39m
[2m[WebServer] [22m    at [90mfile:///app/[39mnode_modules/[4m.pnpm[24m/hono@4.9.0/node_modules/[4mhono[24m/dist/compose.js:5:12
[2m[WebServer] [22m    at [90mfile:///app/[39mnode_modules/[4m.pnpm[24m/hono@4.9.0/node_modules/[4mhono[24m/dist/hono-base.js:201:31

[1A[2K[2m[WebServer] [22mReferenceError: React is not defined
[2m[WebServer] [22m    at <anonymous> [90m(/app/[39msrc/web/routes.jsx:125:19[90m)[39m
[2m[WebServer] [22m    at dispatch [90m(file:///app/[39mnode_modules/[4m.pnpm[24m/hono@4.9.0/node_modules/[4mhono[24m/dist/compose.js:22:23[90m)[39m
[2m[WebServer] [22m    at [90mfile:///app/[39mnode_modules/[4m.pnpm[24m/hono@4.9.0/node_modules/[4mhono[24m/dist/compose.js:22:46
[2m[WebServer] [22m    at sessionMiddleware [90m(file:///app/[39msrc/web/middleware/session.js:22:9[90m)[39m
[2m[WebServer] [22m    at dispatch [90m(file:///app/[39mnode_modules/[4m.pnpm[24m/hono@4.9.0/node_modules/[4mhono[24m/dist/compose.js:22:23[90m)[39m
[2m[WebServer] [22m    at [90mfile:///app/[39mnode_modules/[4m.pnpm[24m/hono@4.9.0/node_modules/[4mhono[24m/dist/compose.js:22:46
[2m[WebServer] [22m    at jsxRenderer2 [90m(file:///app/[39mnode_modules/[4m.pnpm[24m/hono@4.9.0/node_modules/[4mhono[24m/dist/middleware/jsx-renderer/index.js:44:10[90m)[39m
[2m[WebServer] [22m    at dispatch [90m(file:///app/[39mnode_modules/[4m.pnpm[24m/hono@4.9.0/node_modules/[4mhono[24m/dist/compose.js:22:23[90m)[39m
[2m[WebServer] [22m    at [90mfile:///app/[39mnode_modules/[4m.pnpm[24m/hono@4.9.0/node_modules/[4mhono[24m/dist/compose.js:5:12
[2m[WebServer] [22m    at [90mfile:///app/[39mnode_modules/[4m.pnpm[24m/hono@4.9.0/node_modules/[4mhono[24m/dist/hono-base.js:201:31

[1A[2K[2m[WebServer] [22mReferenceError: React is not defined
[2m[WebServer] [22m    at <anonymous> [90m(/app/[39msrc/web/routes.jsx:125:19[90m)[39m
[2m[WebServer] [22m    at dispatch [90m(file:///app/[39mnode_modules/[4m.pnpm[24m/hono@4.9.0/node_modules/[4mhono[24m/dist/compose.js:22:23[90m)[39m
[2m[WebServer] [22m    at [90mfile:///app/[39mnode_modules/[4m.pnpm[24m/hono@4.9.0/node_modules/[4mhono[24m/dist/compose.js:22:46
[2m[WebServer] [22m    at sessionMiddleware [90m(file:///app/[39msrc/web/middleware/session.js:22:9[90m)[39m
[2m[WebServer] [22m    at dispatch [90m(file:///app/[39mnode_modules/[4m.pnpm[24m/hono@4.9.0/node_modules/[4mhono[24m/dist/compose.js:22:23[90m)[39m
[2m[WebServer] [22m    at [90mfile:///app/[39mnode_modules/[4m.pnpm[24m/hono@4.9.0/node_modules/[4mhono[24m/dist/compose.js:22:46
[2m[WebServer] [22m    at jsxRenderer2 [90m(file:///app/[39mnode_modules/[4m.pnpm[24m/hono@4.9.0/node_modules/[4mhono[24m/dist/middleware/jsx-renderer/index.js:44:10[90m)[39m
[2m[WebServer] [22m    at dispatch [90m(file:///app/[39mnode_modules/[4m.pnpm[24m/hono@4.9.0/node_modules/[4mhono[24m/dist/compose.js:22:23[90m)[39m
[2m[WebServer] [22m    at [90mfile:///app/[39mnode_modules/[4m.pnpm[24m/hono@4.9.0/node_modules/[4mhono[24m/dist/compose.js:5:12
[2m[WebServer] [22m    at [90mfile:///app/[39mnode_modules/[4m.pnpm[24m/hono@4.9.0/node_modules/[4mhono[24m/dist/hono-base.js:201:31

[1A[2K[2m[WebServer] [22mReferenceError: React is not defined
[2m[WebServer] [22m    at <anonymous> [90m(/app/[39msrc/web/routes.jsx:125:19[90m)[39m
[2m[WebServer] [22m    at dispatch [90m(file:///app/[39mnode_modules/[4m.pnpm[24m/hono@4.9.0/node_modules/[4mhono[24m/dist/compose.js:22:23[90m)[39m
[2m[WebServer] [22m    at [90mfile:///app/[39mnode_modules/[4m.pnpm[24m/hono@4.9.0/node_modules/[4mhono[24m/dist/compose.js:22:46
[2m[WebServer] [22m    at sessionMiddleware [90m(file:///app/[39msrc/web/middleware/session.js:22:9[90m)[39m
[2m[WebServer] [22m    at dispatch [90m(file:///app/[39mnode_modules/[4m.pnpm[24m/hono@4.9.0/node_modules/[4mhono[24m/dist/compose.js:22:23[90m)[39m
[2m[WebServer] [22m    at [90mfile:///app/[39mnode_modules/[4m.pnpm[24m/hono@4.9.0/node_modules/[4mhono[24m/dist/compose.js:22:46
[2m[WebServer] [22m    at jsxRenderer2 [90m(file:///app/[39mnode_modules/[4m.pnpm[24m/hono@4.9.0/node_modules/[4mhono[24m/dist/middleware/jsx-renderer/index.js:44:10[90m)[39m
[2m[WebServer] [22m    at dispatch [90m(file:///app/[39mnode_modules/[4m.pnpm[24m/hono@4.9.0/node_modules/[4mhono[24m/dist/compose.js:22:23[90m)[39m
[2m[WebServer] [22m    at [90mfile:///app/[39mnode_modules/[4m.pnpm[24m/hono@4.9.0/node_modules/[4mhono[24m/dist/compose.js:5:12
[2m[WebServer] [22m    at [90mfile:///app/[39mnode_modules/[4m.pnpm[24m/hono@4.9.0/node_modules/[4mhono[24m/dist/hono-base.js:201:31

[1A[2K[2m[WebServer] [22mReferenceError: React is not defined
[2m[WebServer] [22m    at <anonymous> [90m(/app/[39msrc/web/routes.jsx:125:19[90m)[39m
[2m[WebServer] [22m    at dispatch [90m(file:///app/[39mnode_modules/[4m.pnpm[24m/hono@4.9.0/node_modules/[4mhono[24m/dist/compose.js:22:23[90m)[39m
[2m[WebServer] [22m    at [90mfile:///app/[39mnode_modules/[4m.pnpm[24m/hono@4.9.0/node_modules/[4mhono[24m/dist/compose.js:22:46
[2m[WebServer] [22m    at sessionMiddleware [90m(file:///app/[39msrc/web/middleware/session.js:22:9[90m)[39m
[2m[WebServer] [22m    at dispatch [90m(file:///app/[39mnode_modules/[4m.pnpm[24m/hono@4.9.0/node_modules/[4mhono[24m/dist/compose.js:22:23[90m)[39m
[2m[WebServer] [22m    at [90mfile:///app/[39mnode_modules/[4m.pnpm[24m/hono@4.9.0/node_modules/[4mhono[24m/dist/compose.js:22:46
[2m[WebServer] [22m    at jsxRenderer2 [90m(file:///app/[39mnode_modules/[4m.pnpm[24m/hono@4.9.0/node_modules/[4mhono[24m/dist/middleware/jsx-renderer/index.js:44:10[90m)[39m
[2m[WebServer] [22m    at dispatch [90m(file:///app/[39mnode_modules/[4m.pnpm[24m/hono@4.9.0/node_modules/[4mhono[24m/dist/compose.js:22:23[90m)[39m
[2m[WebServer] [22m    at [90mfile:///app/[39mnode_modules/[4m.pnpm[24m/hono@4.9.0/node_modules/[4mhono[24m/dist/compose.js:5:12
[2m[WebServer] [22m    at [90mfile:///app/[39mnode_modules/[4m.pnpm[24m/hono@4.9.0/node_modules/[4mhono[24m/dist/hono-base.js:201:31

[1A[2K[2m[WebServer] [22mReferenceError: React is not defined
[2m[WebServer] [22m    at <anonymous> [90m(/app/[39msrc/web/routes.jsx:125:19[90m)[39m
[2m[WebServer] [22m    at dispatch [90m(file:///app/[39mnode_modules/[4m.pnpm[24m/hono@4.9.0/node_modules/[4mhono[24m/dist/compose.js:22:23[90m)[39m
[2m[WebServer] [22m    at [90mfile:///app/[39mnode_modules/[4m.pnpm[24m/hono@4.9.0/node_modules/[4mhono[24m/dist/compose.js:22:46
[2m[WebServer] [22m    at sessionMiddleware [90m(file:///app/[39msrc/web/middleware/session.js:22:9[90m)[39m
[2m[WebServer] [22m    at dispatch [90m(file:///app/[39mnode_modules/[4m.pnpm[24m/hono@4.9.0/node_modules/[4mhono[24m/dist/compose.js:22:23[90m)[39m
[2m[WebServer] [22m    at [90mfile:///app/[39mnode_modules/[4m.pnpm[24m/hono@4.9.0/node_modules/[4mhono[24m/dist/compose.js:22:46
[2m[WebServer] [22m    at jsxRenderer2 [90m(file:///app/[39mnode_modules/[4m.pnpm[24m/hono@4.9.0/node_modules/[4mhono[24m/dist/middleware/jsx-renderer/index.js:44:10[90m)[39m
[2m[WebServer] [22m    at dispatch [90m(file:///app/[39mnode_modules/[4m.pnpm[24m/hono@4.9.0/node_modules/[4mhono[24m/dist/compose.js:22:23[90m)[39m
[2m[WebServer] [22m    at [90mfile:///app/[39mnode_modules/[4m.pnpm[24m/hono@4.9.0/node_modules/[4mhono[24m/dist/compose.js:5:12
[2m[WebServer] [22m    at [90mfile:///app/[39mnode_modules/[4m.pnpm[24m/hono@4.9.0/node_modules/[4mhono[24m/dist/hono-base.js:201:31

[1A[2K[2m[WebServer] [22mReferenceError: React is not defined
[2m[WebServer] [22m    at <anonymous> [90m(/app/[39msrc/web/routes.jsx:125:19[90m)[39m
[2m[WebServer] [22m    at dispatch [90m(file:///app/[39mnode_modules/[4m.pnpm[24m/hono@4.9.0/node_modules/[4mhono[24m/dist/compose.js:22:23[90m)[39m
[2m[WebServer] [22m    at [90mfile:///app/[39mnode_modules/[4m.pnpm[24m/hono@4.9.0/node_modules/[4mhono[24m/dist/compose.js:22:46
[2m[WebServer] [22m    at sessionMiddleware [90m(file:///app/[39msrc/web/middleware/session.js:22:9[90m)[39m
[2m[WebServer] [22m    at dispatch [90m(file:///app/[39mnode_modules/[4m.pnpm[24m/hono@4.9.0/node_modules/[4mhono[24m/dist/compose.js:22:23[90m)[39m
[2m[WebServer] [22m    at [90mfile:///app/[39mnode_modules/[4m.pnpm[24m/hono@4.9.0/node_modules/[4mhono[24m/dist/compose.js:22:46
[2m[WebServer] [22m    at jsxRenderer2 [90m(file:///app/[39mnode_modules/[4m.pnpm[24m/hono@4.9.0/node_modules/[4mhono[24m/dist/middleware/jsx-renderer/index.js:44:10[90m)[39m
[2m[WebServer] [22m    at dispatch [90m(file:///app/[39mnode_modules/[4m.pnpm[24m/hono@4.9.0/node_modules/[4mhono[24m/dist/compose.js:22:23[90m)[39m
[2m[WebServer] [22m    at [90mfile:///app/[39mnode_modules/[4m.pnpm[24m/hono@4.9.0/node_modules/[4mhono[24m/dist/compose.js:5:12
[2m[WebServer] [22m    at [90mfile:///app/[39mnode_modules/[4m.pnpm[24m/hono@4.9.0/node_modules/[4mhono[24m/dist/hono-base.js:201:31

[1A[2K[2m[WebServer] [22mReferenceError: React is not defined
[2m[WebServer] [22m    at <anonymous> [90m(/app/[39msrc/web/routes.jsx:125:19[90m)[39m
[2m[WebServer] [22m    at dispatch [90m(file:///app/[39mnode_modules/[4m.pnpm[24m/hono@4.9.0/node_modules/[4mhono[24m/dist/compose.js:22:23[90m)[39m
[2m[WebServer] [22m    at [90mfile:///app/[39mnode_modules/[4m.pnpm[24m/hono@4.9.0/node_modules/[4mhono[24m/dist/compose.js:22:46
[2m[WebServer] [22m    at sessionMiddleware [90m(file:///app/[39msrc/web/middleware/session.js:22:9[90m)[39m
[2m[WebServer] [22m    at dispatch [90m(file:///app/[39mnode_modules/[4m.pnpm[24m/hono@4.9.0/node_modules/[4mhono[24m/dist/compose.js:22:23[90m)[39m
[2m[WebServer] [22m    at [90mfile:///app/[39mnode_modules/[4m.pnpm[24m/hono@4.9.0/node_modules/[4mhono[24m/dist/compose.js:22:46
[2m[WebServer] [22m    at jsxRenderer2 [90m(file:///app/[39mnode_modules/[4m.pnpm[24m/hono@4.9.0/node_modules/[4mhono[24m/dist/middleware/jsx-renderer/index.js:44:10[90m)[39m
[2m[WebServer] [22m    at dispatch [90m(file:///app/[39mnode_modules/[4m.pnpm[24m/hono@4.9.0/node_modules/[4mhono[24m/dist/compose.js:22:23[90m)[39m
[2m[WebServer] [22m    at [90mfile:///app/[39mnode_modules/[4m.pnpm[24m/hono@4.9.0/node_modules/[4mhono[24m/dist/compose.js:5:12
[2m[WebServer] [22m    at [90mfile:///app/[39mnode_modules/[4m.pnpm[24m/hono@4.9.0/node_modules/[4mhono[24m/dist/hono-base.js:201:31

[1A[2K[2m[WebServer] [22mReferenceError: React is not defined
[2m[WebServer] [22m    at <anonymous> [90m(/app/[39msrc/web/routes.jsx:125:19[90m)[39m
[2m[WebServer] [22m    at dispatch [90m(file:///app/[39mnode_modules/[4m.pnpm[24m/hono@4.9.0/node_modules/[4mhono[24m/dist/compose.js:22:23[90m)[39m
[2m[WebServer] [22m    at [90mfile:///app/[39mnode_modules/[4m.pnpm[24m/hono@4.9.0/node_modules/[4mhono[24m/dist/compose.js:22:46
[2m[WebServer] [22m    at sessionMiddleware [90m(file:///app/[39msrc/web/middleware/session.js:22:9[90m)[39m
[2m[WebServer] [22m    at dispatch [90m(file:///app/[39mnode_modules/[4m.pnpm[24m/hono@4.9.0/node_modules/[4mhono[24m/dist/compose.js:22:23[90m)[39m
[2m[WebServer] [22m    at [90mfile:///app/[39mnode_modules/[4m.pnpm[24m/hono@4.9.0/node_modules/[4mhono[24m/dist/compose.js:22:46
[2m[WebServer] [22m    at jsxRenderer2 [90m(file:///app/[39mnode_modules/[4m.pnpm[24m/hono@4.9.0/node_modules/[4mhono[24m/dist/middleware/jsx-renderer/index.js:44:10[90m)[39m
[2m[WebServer] [22m    at dispatch [90m(file:///app/[39mnode_modules/[4m.pnpm[24m/hono@4.9.0/node_modules/[4mhono[24m/dist/compose.js:22:23[90m)[39m
[2m[WebServer] [22m    at [90mfile:///app/[39mnode_modules/[4m.pnpm[24m/hono@4.9.0/node_modules/[4mhono[24m/dist/compose.js:5:12
[2m[WebServer] [22m    at [90mfile:///app/[39mnode_modules/[4m.pnpm[24m/hono@4.9.0/node_modules/[4mhono[24m/dist/hono-base.js:201:31

[1A[2K[2m[WebServer] [22mReferenceError: React is not defined
[2m[WebServer] [22m    at <anonymous> [90m(/app/[39msrc/web/routes.jsx:125:19[90m)[39m
[2m[WebServer] [22m    at dispatch [90m(file:///app/[39mnode_modules/[4m.pnpm[24m/hono@4.9.0/node_modules/[4mhono[24m/dist/compose.js:22:23[90m)[39m
[2m[WebServer] [22m    at [90mfile:///app/[39mnode_modules/[4m.pnpm[24m/hono@4.9.0/node_modules/[4mhono[24m/dist/compose.js:22:46
[2m[WebServer] [22m    at sessionMiddleware [90m(file:///app/[39msrc/web/middleware/session.js:22:9[90m)[39m
[2m[WebServer] [22m    at dispatch [90m(file:///app/[39mnode_modules/[4m.pnpm[24m/hono@4.9.0/node_modules/[4mhono[24m/dist/compose.js:22:23[90m)[39m
[2m[WebServer] [22m    at [90mfile:///app/[39mnode_modules/[4m.pnpm[24m/hono@4.9.0/node_modules/[4mhono[24m/dist/compose.js:22:46
[2m[WebServer] [22m    at jsxRenderer2 [90m(file:///app/[39mnode_modules/[4m.pnpm[24m/hono@4.9.0/node_modules/[4mhono[24m/dist/middleware/jsx-renderer/index.js:44:10[90m)[39m
[2m[WebServer] [22m    at dispatch [90m(file:///app/[39mnode_modules/[4m.pnpm[24m/hono@4.9.0/node_modules/[4mhono[24m/dist/compose.js:22:23[90m)[39m
[2m[WebServer] [22m    at [90mfile:///app/[39mnode_modules/[4m.pnpm[24m/hono@4.9.0/node_modules/[4mhono[24m/dist/compose.js:5:12
[2m[WebServer] [22m    at [90mfile:///app/[39mnode_modules/[4m.pnpm[24m/hono@4.9.0/node_modules/[4mhono[24m/dist/hono-base.js:201:31

[1A[2K[2m[WebServer] [22mReferenceError: React is not defined
[2m[WebServer] [22m    at <anonymous> [90m(/app/[39msrc/web/routes.jsx:125:19[90m)[39m
[2m[WebServer] [22m    at dispatch [90m(file:///app/[39mnode_modules/[4m.pnpm[24m/hono@4.9.0/node_modules/[4mhono[24m/dist/compose.js:22:23[90m)[39m
[2m[WebServer] [22m    at [90mfile:///app/[39mnode_modules/[4m.pnpm[24m/hono@4.9.0/node_modules/[4mhono[24m/dist/compose.js:22:46
[2m[WebServer] [22m    at sessionMiddleware [90m(file:///app/[39msrc/web/middleware/session.js:22:9[90m)[39m
[2m[WebServer] [22m    at dispatch [90m(file:///app/[39mnode_modules/[4m.pnpm[24m/hono@4.9.0/node_modules/[4mhono[24m/dist/compose.js:22:23[90m)[39m
[2m[WebServer] [22m    at [90mfile:///app/[39mnode_modules/[4m.pnpm[24m/hono@4.9.0/node_modules/[4mhono[24m/dist/compose.js:22:46
[2m[WebServer] [22m    at jsxRenderer2 [90m(file:///app/[39mnode_modules/[4m.pnpm[24m/hono@4.9.0/node_modules/[4mhono[24m/dist/middleware/jsx-renderer/index.js:44:10[90m)[39m
[2m[WebServer] [22m    at dispatch [90m(file:///app/[39mnode_modules/[4m.pnpm[24m/hono@4.9.0/node_modules/[4mhono[24m/dist/compose.js:22:23[90m)[39m
[2m[WebServer] [22m    at [90mfile:///app/[39mnode_modules/[4m.pnpm[24m/hono@4.9.0/node_modules/[4mhono[24m/dist/compose.js:5:12
[2m[WebServer] [22m    at [90mfile:///app/[39mnode_modules/[4m.pnpm[24m/hono@4.9.0/node_modules/[4mhono[24m/dist/hono-base.js:201:31

[1A[2K[2m[WebServer] [22mReferenceError: React is not defined
[2m[WebServer] [22m    at <anonymous> [90m(/app/[39msrc/web/routes.jsx:125:19[90m)[39m
[2m[WebServer] [22m    at dispatch [90m(file:///app/[39mnode_modules/[4m.pnpm[24m/hono@4.9.0/node_modules/[4mhono[24m/dist/compose.js:22:23[90m)[39m
[2m[WebServer] [22m    at [90mfile:///app/[39mnode_modules/[4m.pnpm[24m/hono@4.9.0/node_modules/[4mhono[24m/dist/compose.js:22:46
[2m[WebServer] [22m    at sessionMiddleware [90m(file:///app/[39msrc/web/middleware/session.js:22:9[90m)[39m
[2m[WebServer] [22m    at dispatch [90m(file:///app/[39mnode_modules/[4m.pnpm[24m/hono@4.9.0/node_modules/[4mhono[24m/dist/compose.js:22:23[90m)[39m
[2m[WebServer] [22m    at [90mfile:///app/[39mnode_modules/[4m.pnpm[24m/hono@4.9.0/node_modules/[4mhono[24m/dist/compose.js:22:46
[2m[WebServer] [22m    at jsxRenderer2 [90m(file:///app/[39mnode_modules/[4m.pnpm[24m/hono@4.9.0/node_modules/[4mhono[24m/dist/middleware/jsx-renderer/index.js:44:10[90m)[39m
[2m[WebServer] [22m    at dispatch [90m(file:///app/[39mnode_modules/[4m.pnpm[24m/hono@4.9.0/node_modules/[4mhono[24m/dist/compose.js:22:23[90m)[39m
[2m[WebServer] [22m    at [90mfile:///app/[39mnode_modules/[4m.pnpm[24m/hono@4.9.0/node_modules/[4mhono[24m/dist/compose.js:5:12
[2m[WebServer] [22m    at [90mfile:///app/[39mnode_modules/[4m.pnpm[24m/hono@4.9.0/node_modules/[4mhono[24m/dist/hono-base.js:201:31

[1A[2K[2m[WebServer] [22mReferenceError: React is not defined
[2m[WebServer] [22m    at <anonymous> [90m(/app/[39msrc/web/routes.jsx:125:19[90m)[39m
[2m[WebServer] [22m    at dispatch [90m(file:///app/[39mnode_modules/[4m.pnpm[24m/hono@4.9.0/node_modules/[4mhono[24m/dist/compose.js:22:23[90m)[39m
[2m[WebServer] [22m    at [90mfile:///app/[39mnode_modules/[4m.pnpm[24m/hono@4.9.0/node_modules/[4mhono[24m/dist/compose.js:22:46
[2m[WebServer] [22m    at sessionMiddleware [90m(file:///app/[39msrc/web/middleware/session.js:22:9[90m)[39m
[2m[WebServer] [22m    at dispatch [90m(file:///app/[39mnode_modules/[4m.pnpm[24m/hono@4.9.0/node_modules/[4mhono[24m/dist/compose.js:22:23[90m)[39m
[2m[WebServer] [22m    at [90mfile:///app/[39mnode_modules/[4m.pnpm[24m/hono@4.9.0/node_modules/[4mhono[24m/dist/compose.js:22:46
[2m[WebServer] [22m    at jsxRenderer2 [90m(file:///app/[39mnode_modules/[4m.pnpm[24m/hono@4.9.0/node_modules/[4mhono[24m/dist/middleware/jsx-renderer/index.js:44:10[90m)[39m
[2m[WebServer] [22m    at dispatch [90m(file:///app/[39mnode_modules/[4m.pnpm[24m/hono@4.9.0/node_modules/[4mhono[24m/dist/compose.js:22:23[90m)[39m
[2m[WebServer] [22m    at [90mfile:///app/[39mnode_modules/[4m.pnpm[24m/hono@4.9.0/node_modules/[4mhono[24m/dist/compose.js:5:12
[2m[WebServer] [22m    at [90mfile:///app/[39mnode_modules/[4m.pnpm[24m/hono@4.9.0/node_modules/[4mhono[24m/dist/hono-base.js:201:31

[1A[2K[2m[WebServer] [22mReferenceError: React is not defined
[2m[WebServer] [22m    at <anonymous> [90m(/app/[39msrc/web/routes.jsx:125:19[90m)[39m
[2m[WebServer] [22m    at dispatch [90m(file:///app/[39mnode_modules/[4m.pnpm[24m/hono@4.9.0/node_modules/[4mhono[24m/dist/compose.js:22:23[90m)[39m
[2m[WebServer] [22m    at [90mfile:///app/[39mnode_modules/[4m.pnpm[24m/hono@4.9.0/node_modules/[4mhono[24m/dist/compose.js:22:46
[2m[WebServer] [22m    at sessionMiddleware [90m(file:///app/[39msrc/web/middleware/session.js:22:9[90m)[39m
[2m[WebServer] [22m    at dispatch [90m(file:///app/[39mnode_modules/[4m.pnpm[24m/hono@4.9.0/node_modules/[4mhono[24m/dist/compose.js:22:23[90m)[39m
[2m[WebServer] [22m    at [90mfile:///app/[39mnode_modules/[4m.pnpm[24m/hono@4.9.0/node_modules/[4mhono[24m/dist/compose.js:22:46
[2m[WebServer] [22m    at jsxRenderer2 [90m(file:///app/[39mnode_modules/[4m.pnpm[24m/hono@4.9.0/node_modules/[4mhono[24m/dist/middleware/jsx-renderer/index.js:44:10[90m)[39m
[2m[WebServer] [22m    at dispatch [90m(file:///app/[39mnode_modules/[4m.pnpm[24m/hono@4.9.0/node_modules/[4mhono[24m/dist/compose.js:22:23[90m)[39m
[2m[WebServer] [22m    at [90mfile:///app/[39mnode_modules/[4m.pnpm[24m/hono@4.9.0/node_modules/[4mhono[24m/dist/compose.js:5:12
[2m[WebServer] [22m    at [90mfile:///app/[39mnode_modules/[4m.pnpm[24m/hono@4.9.0/node_modules/[4mhono[24m/dist/hono-base.js:201:31

[1A[2K[2m[WebServer] [22mReferenceError: React is not defined
[2m[WebServer] [22m    at <anonymous> [90m(/app/[39msrc/web/routes.jsx:125:19[90m)[39m
[2m[WebServer] [22m    at dispatch [90m(file:///app/[39mnode_modules/[4m.pnpm[24m/hono@4.9.0/node_modules/[4mhono[24m/dist/compose.js:22:23[90m)[39m
[2m[WebServer] [22m    at [90mfile:///app/[39mnode_modules/[4m.pnpm[24m/hono@4.9.0/node_modules/[4mhono[24m/dist/compose.js:22:46
[2m[WebServer] [22m    at sessionMiddleware [90m(file:///app/[39msrc/web/middleware/session.js:22:9[90m)[39m
[2m[WebServer] [22m    at dispatch [90m(file:///app/[39mnode_modules/[4m.pnpm[24m/hono@4.9.0/node_modules/[4mhono[24m/dist/compose.js:22:23[90m)[39m
[2m[WebServer] [22m    at [90mfile:///app/[39mnode_modules/[4m.pnpm[24m/hono@4.9.0/node_modules/[4mhono[24m/dist/compose.js:22:46
[2m[WebServer] [22m    at jsxRenderer2 [90m(file:///app/[39mnode_modules/[4m.pnpm[24m/hono@4.9.0/node_modules/[4mhono[24m/dist/middleware/jsx-renderer/index.js:44:10[90m)[39m
[2m[WebServer] [22m    at dispatch [90m(file:///app/[39mnode_modules/[4m.pnpm[24m/hono@4.9.0/node_modules/[4mhono[24m/dist/compose.js:22:23[90m)[39m
[2m[WebServer] [22m    at [90mfile:///app/[39mnode_modules/[4m.pnpm[24m/hono@4.9.0/node_modules/[4mhono[24m/dist/compose.js:5:12
[2m[WebServer] [22m    at [90mfile:///app/[39mnode_modules/[4m.pnpm[24m/hono@4.9.0/node_modules/[4mhono[24m/dist/hono-base.js:201:31

[1A[2K[2m[WebServer] [22mReferenceError: React is not defined
[2m[WebServer] [22m    at <anonymous> [90m(/app/[39msrc/web/routes.jsx:125:19[90m)[39m
[2m[WebServer] [22m    at dispatch [90m(file:///app/[39mnode_modules/[4m.pnpm[24m/hono@4.9.0/node_modules/[4mhono[24m/dist/compose.js:22:23[90m)[39m
[2m[WebServer] [22m    at [90mfile:///app/[39mnode_modules/[4m.pnpm[24m/hono@4.9.0/node_modules/[4mhono[24m/dist/compose.js:22:46
[2m[WebServer] [22m    at sessionMiddleware [90m(file:///app/[39msrc/web/middleware/session.js:22:9[90m)[39m
[2m[WebServer] [22m    at dispatch [90m(file:///app/[39mnode_modules/[4m.pnpm[24m/hono@4.9.0/node_modules/[4mhono[24m/dist/compose.js:22:23[90m)[39m
[2m[WebServer] [22m    at [90mfile:///app/[39mnode_modules/[4m.pnpm[24m/hono@4.9.0/node_modules/[4mhono[24m/dist/compose.js:22:46
[2m[WebServer] [22m    at jsxRenderer2 [90m(file:///app/[39mnode_modules/[4m.pnpm[24m/hono@4.9.0/node_modules/[4mhono[24m/dist/middleware/jsx-renderer/index.js:44:10[90m)[39m
[2m[WebServer] [22m    at dispatch [90m(file:///app/[39mnode_modules/[4m.pnpm[24m/hono@4.9.0/node_modules/[4mhono[24m/dist/compose.js:22:23[90m)[39m
[2m[WebServer] [22m    at [90mfile:///app/[39mnode_modules/[4m.pnpm[24m/hono@4.9.0/node_modules/[4mhono[24m/dist/compose.js:5:12
[2m[WebServer] [22m    at [90mfile:///app/[39mnode_modules/[4m.pnpm[24m/hono@4.9.0/node_modules/[4mhono[24m/dist/hono-base.js:201:31

[1A[2K[2m[WebServer] [22mReferenceError: React is not defined
[2m[WebServer] [22m    at <anonymous> [90m(/app/[39msrc/web/routes.jsx:125:19[90m)[39m
[2m[WebServer] [22m    at dispatch [90m(file:///app/[39mnode_modules/[4m.pnpm[24m/hono@4.9.0/node_modules/[4mhono[24m/dist/compose.js:22:23[90m)[39m
[2m[WebServer] [22m    at [90mfile:///app/[39mnode_modules/[4m.pnpm[24m/hono@4.9.0/node_modules/[4mhono[24m/dist/compose.js:22:46
[2m[WebServer] [22m    at sessionMiddleware [90m(file:///app/[39msrc/web/middleware/session.js:22:9[90m)[39m
[2m[WebServer] [22m    at dispatch [90m(file:///app/[39mnode_modules/[4m.pnpm[24m/hono@4.9.0/node_modules/[4mhono[24m/dist/compose.js:22:23[90m)[39m
[2m[WebServer] [22m    at [90mfile:///app/[39mnode_modules/[4m.pnpm[24m/hono@4.9.0/node_modules/[4mhono[24m/dist/compose.js:22:46
[2m[WebServer] [22m    at jsxRenderer2 [90m(file:///app/[39mnode_modules/[4m.pnpm[24m/hono@4.9.0/node_modules/[4mhono[24m/dist/middleware/jsx-renderer/index.js:44:10[90m)[39m
[2m[WebServer] [22m    at dispatch [90m(file:///app/[39mnode_modules/[4m.pnpm[24m/hono@4.9.0/node_modules/[4mhono[24m/dist/compose.js:22:23[90m)[39m
[2m[WebServer] [22m    at [90mfile:///app/[39mnode_modules/[4m.pnpm[24m/hono@4.9.0/node_modules/[4mhono[24m/dist/compose.js:5:12
[2m[WebServer] [22m    at [90mfile:///app/[39mnode_modules/[4m.pnpm[24m/hono@4.9.0/node_modules/[4mhono[24m/dist/hono-base.js:201:31

[1A[2K[2m[WebServer] [22mReferenceError: React is not defined
[2m[WebServer] [22m    at <anonymous> [90m(/app/[39msrc/web/routes.jsx:125:19[90m)[39m
[2m[WebServer] [22m    at dispatch [90m(file:///app/[39mnode_modules/[4m.pnpm[24m/hono@4.9.0/node_modules/[4mhono[24m/dist/compose.js:22:23[90m)[39m
[2m[WebServer] [22m    at [90mfile:///app/[39mnode_modules/[4m.pnpm[24m/hono@4.9.0/node_modules/[4mhono[24m/dist/compose.js:22:46
[2m[WebServer] [22m    at sessionMiddleware [90m(file:///app/[39msrc/web/middleware/session.js:22:9[90m)[39m
[2m[WebServer] [22m    at dispatch [90m(file:///app/[39mnode_modules/[4m.pnpm[24m/hono@4.9.0/node_modules/[4mhono[24m/dist/compose.js:22:23[90m)[39m
[2m[WebServer] [22m    at [90mfile:///app/[39mnode_modules/[4m.pnpm[24m/hono@4.9.0/node_modules/[4mhono[24m/dist/compose.js:22:46
[2m[WebServer] [22m    at jsxRenderer2 [90m(file:///app/[39mnode_modules/[4m.pnpm[24m/hono@4.9.0/node_modules/[4mhono[24m/dist/middleware/jsx-renderer/index.js:44:10[90m)[39m
[2m[WebServer] [22m    at dispatch [90m(file:///app/[39mnode_modules/[4m.pnpm[24m/hono@4.9.0/node_modules/[4mhono[24m/dist/compose.js:22:23[90m)[39m
[2m[WebServer] [22m    at [90mfile:///app/[39mnode_modules/[4m.pnpm[24m/hono@4.9.0/node_modules/[4mhono[24m/dist/compose.js:5:12
[2m[WebServer] [22m    at [90mfile:///app/[39mnode_modules/[4m.pnpm[24m/hono@4.9.0/node_modules/[4mhono[24m/dist/hono-base.js:201:31

[1A[2K[2m[WebServer] [22mReferenceError: React is not defined
[2m[WebServer] [22m    at <anonymous> [90m(/app/[39msrc/web/routes.jsx:125:19[90m)[39m
[2m[WebServer] [22m    at dispatch [90m(file:///app/[39mnode_modules/[4m.pnpm[24m/hono@4.9.0/node_modules/[4mhono[24m/dist/compose.js:22:23[90m)[39m
[2m[WebServer] [22m    at [90mfile:///app/[39mnode_modules/[4m.pnpm[24m/hono@4.9.0/node_modules/[4mhono[24m/dist/compose.js:22:46
[2m[WebServer] [22m    at sessionMiddleware [90m(file:///app/[39msrc/web/middleware/session.js:22:9[90m)[39m
[2m[WebServer] [22m    at dispatch [90m(file:///app/[39mnode_modules/[4m.pnpm[24m/hono@4.9.0/node_modules/[4mhono[24m/dist/compose.js:22:23[90m)[39m
[2m[WebServer] [22m    at [90mfile:///app/[39mnode_modules/[4m.pnpm[24m/hono@4.9.0/node_modules/[4mhono[24m/dist/compose.js:22:46
[2m[WebServer] [22m    at jsxRenderer2 [90m(file:///app/[39mnode_modules/[4m.pnpm[24m/hono@4.9.0/node_modules/[4mhono[24m/dist/middleware/jsx-renderer/index.js:44:10[90m)[39m
[2m[WebServer] [22m    at dispatch [90m(file:///app/[39mnode_modules/[4m.pnpm[24m/hono@4.9.0/node_modules/[4mhono[24m/dist/compose.js:22:23[90m)[39m
[2m[WebServer] [22m    at [90mfile:///app/[39mnode_modules/[4m.pnpm[24m/hono@4.9.0/node_modules/[4mhono[24m/dist/compose.js:5:12
[2m[WebServer] [22m    at [90mfile:///app/[39mnode_modules/[4m.pnpm[24m/hono@4.9.0/node_modules/[4mhono[24m/dist/hono-base.js:201:31

[1A[2K[2m[WebServer] [22mReferenceError: React is not defined
[2m[WebServer] [22m    at <anonymous> [90m(/app/[39msrc/web/routes.jsx:125:19[90m)[39m
[2m[WebServer] [22m    at dispatch [90m(file:///app/[39mnode_modules/[4m.pnpm[24m/hono@4.9.0/node_modules/[4mhono[24m/dist/compose.js:22:23[90m)[39m
[2m[WebServer] [22m    at [90mfile:///app/[39mnode_modules/[4m.pnpm[24m/hono@4.9.0/node_modules/[4mhono[24m/dist/compose.js:22:46
[2m[WebServer] [22m    at sessionMiddleware [90m(file:///app/[39msrc/web/middleware/session.js:22:9[90m)[39m
[2m[WebServer] [22m    at dispatch [90m(file:///app/[39mnode_modules/[4m.pnpm[24m/hono@4.9.0/node_modules/[4mhono[24m/dist/compose.js:22:23[90m)[39m
[2m[WebServer] [22m    at [90mfile:///app/[39mnode_modules/[4m.pnpm[24m/hono@4.9.0/node_modules/[4mhono[24m/dist/compose.js:22:46
[2m[WebServer] [22m    at jsxRenderer2 [90m(file:///app/[39mnode_modules/[4m.pnpm[24m/hono@4.9.0/node_modules/[4mhono[24m/dist/middleware/jsx-renderer/index.js:44:10[90m)[39m
[2m[WebServer] [22m    at dispatch [90m(file:///app/[39mnode_modules/[4m.pnpm[24m/hono@4.9.0/node_modules/[4mhono[24m/dist/compose.js:22:23[90m)[39m
[2m[WebServer] [22m    at [90mfile:///app/[39mnode_modules/[4m.pnpm[24m/hono@4.9.0/node_modules/[4mhono[24m/dist/compose.js:5:12
[2m[WebServer] [22m    at [90mfile:///app/[39mnode_modules/[4m.pnpm[24m/hono@4.9.0/node_modules/[4mhono[24m/dist/hono-base.js:201:31

Error: Timed out waiting 60000ms from config.webServer.

[1A[2K
To open last HTML report run:
[36m[39m
[36m  pnpm exec playwright show-report[39m
[36m[39m
 ELIFECYCLE  Command failed with exit code 1.
